09:19:27.560 [main                     ] DEBUG Logger               - Configured Logger
09:19:27.565 [main                     ] DEBUG GameApplication      - Logging settings
Title: BOMBER
 MAN
Version: Pro
Width: 1280
Height: 720
Fullscreen: true
Intro: false
Profiling: false
Single step:false
App Mode: DEVELOPER
Menu Key: ESCAPE
Stage Style: DECORATED
Scene Factory: class Bomberman.GameApp$1

09:19:28.110 [JavaFX Application Thread] DEBUG FXGLApplication      - Initializing FXGL
09:19:28.112 [JavaFX Application Thread] INFO  Engine               - FXGL-11.17 (16.07.2021 15.46) on WINDOWS (J:18.0.2.1 FX:16)
09:19:28.112 [JavaFX Application Thread] DEBUG Engine               - JRE Vendor Name: Oracle Corporation
09:19:28.112 [JavaFX Application Thread] DEBUG Engine               - Running on OS: Windows 11 version 10.0
09:19:28.112 [JavaFX Application Thread] DEBUG Engine               - Architecture: amd64
09:19:28.112 [JavaFX Application Thread] INFO  Engine               - Source code and latest versions at: https://github.com/AlmasB/FXGL
09:19:28.112 [JavaFX Application Thread] INFO  Engine               -              Join the FXGL chat at: https://gitter.im/AlmasB/FXGL
09:19:28.222 [JavaFX Application Thread] DEBUG PrimaryStageWindow   - Creating a JavaFX scene
09:19:28.268 [JavaFX Application Thread] DEBUG PrimaryStageWindow   - Target settings size: 1280.0 x 720.0
09:19:28.268 [JavaFX Application Thread] DEBUG PrimaryStageWindow   - Scaled scene size:    1280.0 x 720.0
09:19:28.268 [JavaFX Application Thread] DEBUG PrimaryStageWindow   - Scaled ratio: (1.0, 1.0)
09:19:28.269 [JavaFX Application Thread] DEBUG PrimaryStageWindow   - Set initial scene to FXGLStartupScene
09:19:28.277 [JavaFX Application Thread] DEBUG PrimaryStageWindow   - Opening main window
09:19:28.371 [JavaFX Application Thread] DEBUG PrimaryStageWindow   - Window border size: (14.4000244140625, 37.5999755859375)
09:19:28.371 [JavaFX Application Thread] DEBUG PrimaryStageWindow   - Scaled size: 1280.0 x 720.0
09:19:28.371 [JavaFX Application Thread] DEBUG PrimaryStageWindow   - Scaled ratio: (1.0, 1.0)
09:19:28.371 [JavaFX Application Thread] DEBUG PrimaryStageWindow   - Scene size: 1280.0 x 720.0
09:19:28.371 [JavaFX Application Thread] DEBUG PrimaryStageWindow   - Stage size: 1294.4000244140625 x 757.5999755859375
09:19:28.430 [JavaFX Application Thread] DEBUG PrimaryStageWindow   - Going fullscreen
09:19:28.439 [FXGL Background Thread 1 ] DEBUG Engine               - Initializing environment variables
09:19:28.502 [FXGL Background Thread 1 ] DEBUG FXGLAssetLoaderServi - User app class for loading assets: class Bomberman.GameApp
09:19:28.503 [FXGL Background Thread 1 ] DEBUG GameApplicationServi - Applying CSS: fxgl_dark.css
09:19:28.504 [FXGL Background Thread 1 ] DEBUG FXGLAssetLoaderServi - Loading from file system: jar:file:/C:/Users/Cao%20Xuan%20Dung/.m2/repository/com/github/almasb/fxgl/11.17/fxgl-11.17.jar!/fxglassets/ui/css/fxgl_dark.css
09:19:28.540 [FXGL Background Thread 1 ] DEBUG GameApplicationServi - Initializing application scenes
09:19:28.581 [FXGL Background Thread 1 ] DEBUG GameWorld            - Game world initialized
09:19:28.631 [FXGL Background Thread 1 ] DEBUG PhysicsWorld         - Physics world initialized: appHeight=720, physics.ppm=50.0
09:19:28.631 [FXGL Background Thread 1 ] DEBUG PhysicsWorld         - Using strategy: BRUTE_FORCE
09:19:28.632 [FXGL Background Thread 1 ] DEBUG GameScene            - Game scene initialized: 1280x720
09:19:28.715 [FXGL Background Thread 1 ] DEBUG GameApplicationServi - Application scenes initialized
09:19:28.723 [FXGL Background Thread 1 ] DEBUG SystemBundleService  - Loading FXGL system data
09:19:28.728 [FXGL Background Thread 1 ] DEBUG FileSystemAccess     - Reading from: C:\Users\Cao Xuan Dung\OneDrive - vnu.edu.vn\Documents\GitHub\BombermanTest\system\fxgl.bundle
09:19:28.740 [FXGL Background Thread 1 ] DEBUG SystemBundleService  - Bundle FXGL: {}
09:19:28.741 [FXGL Background Thread 1 ] DEBUG UpdaterService       - Checking for updates
09:19:28.745 [FXGL Background Thread 4 ] DEBUG FXGLApplication      - Loading fonts
09:19:28.745 [FXGL Background Thread 4 ] DEBUG FXGLAssetLoaderServi - Loading from file system: file:/C:/Users/Cao%20Xuan%20Dung/OneDrive%20-%20vnu.edu.vn/Documents/GitHub/BombermanTest/target/classes/assets/ui/fonts/game_font.ttf
09:19:28.745 [FXGL Background Thread 1 ] DEBUG FXGLApplication      - Loading default localization
09:19:28.746 [FXGL Background Thread 1 ] DEBUG FXGLAssetLoaderServi - Loading from file system: jar:file:/C:/Users/Cao%20Xuan%20Dung/.m2/repository/com/github/almasb/fxgl/11.17/fxgl-11.17.jar!/fxglassets/languages/english.lang
09:19:28.763 [FXGL Background Thread 1 ] INFO  FXGLApplication      - FXGL initialization took: 0.323 sec
09:19:28.765 [JavaFX Application Thread] DEBUG FXGLAssetLoaderServi - Loading from file system: file:/C:/Users/Cao%20Xuan%20Dung/OneDrive%20-%20vnu.edu.vn/Documents/GitHub/BombermanTest/target/classes/assets/music/1-01.%20Title.mp3
09:19:28.822 [FXGL Background Thread 4 ] DEBUG FXGLAssetLoaderServi - Loading from file system: jar:file:/C:/Users/Cao%20Xuan%20Dung/.m2/repository/com/github/almasb/fxgl/11.17/fxgl-11.17.jar!/fxglassets/ui/fonts/Abel-Regular.ttf
09:19:28.826 [FXGL Background Thread 4 ] DEBUG FXGLAssetLoaderServi - Loading from file system: jar:file:/C:/Users/Cao%20Xuan%20Dung/.m2/repository/com/github/almasb/fxgl/11.17/fxgl-11.17.jar!/fxglassets/ui/fonts/lucida_console.ttf
09:19:28.833 [FXGL Background Thread 4 ] DEBUG FXGLAssetLoaderServi - Loading from file system: jar:file:/C:/Users/Cao%20Xuan%20Dung/.m2/repository/com/github/almasb/fxgl/11.17/fxgl-11.17.jar!/fxglassets/ui/fonts/Courier-Prime.ttf
09:19:28.933 [JavaFX Application Thread] DEBUG AudioPlayer          - Playing music com.almasb.fxgl.audio.Music@2692fa39
09:19:28.934 [JavaFX Application Thread] DEBUG FXGLAssetLoaderServi - Loading from file system: jar:file:/C:/Users/Cao%20Xuan%20Dung/.m2/repository/com/github/almasb/fxgl/11.17/fxgl-11.17.jar!/fxglassets/textures/fxgl_icon.png
09:19:28.983 [JavaFX Application Thread] DEBUG FXGLAssetLoaderServi - Loading from file system: jar:file:/C:/Users/Cao%20Xuan%20Dung/.m2/repository/com/github/almasb/fxgl/11.17/fxgl-11.17.jar!/fxglassets/textures/fxgl_default_cursor.png
09:19:29.015 [JavaFX Application Thread] DEBUG Input                - Registered new binding: Screenshot - CTRL+8
09:19:29.016 [JavaFX Application Thread] DEBUG Input                - Registered new binding: System info dump - CTRL+9
09:19:29.017 [JavaFX Application Thread] DEBUG Input                - Registered new binding: Restart - CTRL+R
09:19:29.018 [JavaFX Application Thread] DEBUG Input                - Registered new binding: Toggle Debug Camera - CTRL+C
09:19:29.022 [JavaFX Application Thread] DEBUG LoopRunner           - Starting loop
09:19:29.023 [JavaFX Application Thread] DEBUG LoopRunner           - Initializing JavaFX AnimationTimerLoop
09:19:29.034 [JavaFX Application Thread] DEBUG Input                - Clearing active input actions
09:19:29.052 [JavaFX Application Thread] DEBUG GameApplicationServi - Removing overlay from FXGLStartupScene and adding to FXGLMainMenuDummyScene
09:19:29.053 [JavaFX Application Thread] DEBUG PrimaryStageWindow   - FXGLStartupScene -> FXGLMainMenuDummyScene
09:19:29.053 [JavaFX Application Thread] DEBUG PrimaryStageWindow   - Push state: MainMenu
09:19:29.053 [JavaFX Application Thread] DEBUG Input                - Clearing active input actions
09:19:29.059 [JavaFX Application Thread] DEBUG GameApplicationServi - Removing overlay from FXGLMainMenuDummyScene and adding to MainMenu
09:19:29.060 [JavaFX Application Thread] DEBUG PrimaryStageWindow   - FXGLMainMenuDummyScene -> MainMenu
09:19:29.099 [JavaFX Application Thread] DEBUG FXGLApplication      - Registering font factories with UI factory
09:19:29.703 [FXGL Background Thread 2 ] INFO  UpdaterService       - Your current version:  11.17
09:19:29.703 [FXGL Background Thread 2 ] INFO  UpdaterService       - Latest stable version: 17.2
09:19:30.283 [JavaFX Application Thread] DEBUG Menu                 - fireNewGame()
09:19:30.283 [JavaFX Application Thread] DEBUG GameApplicationServi - Starting new game
09:19:30.283 [JavaFX Application Thread] DEBUG PrimaryStageWindow   - Pop state: MainMenu
09:19:30.283 [JavaFX Application Thread] DEBUG Input                - Clearing active input actions
09:19:30.284 [JavaFX Application Thread] DEBUG GameApplicationServi - Removing overlay from MainMenu and adding to FXGLMainMenuDummyScene
09:19:30.284 [JavaFX Application Thread] DEBUG PrimaryStageWindow   - FXGLMainMenuDummyScene <- MainMenu
09:19:30.285 [JavaFX Application Thread] DEBUG Input                - Clearing active input actions
09:19:30.292 [JavaFX Application Thread] DEBUG GameApplicationServi - Removing overlay from FXGLMainMenuDummyScene and adding to FXGLLoadingScene
09:19:30.293 [JavaFX Application Thread] DEBUG PrimaryStageWindow   - FXGLMainMenuDummyScene -> FXGLLoadingScene
09:19:30.293 [JavaFX Application Thread] DEBUG GameApplicationServi - Clearing previous game
09:19:30.293 [JavaFX Application Thread] DEBUG GameScene            - Clearing game scene
09:19:30.293 [JavaFX Application Thread] DEBUG GameWorld            - Clearing game world
09:19:30.293 [JavaFX Application Thread] DEBUG PhysicsWorld         - Clearing physics world
09:19:30.296 [FXGL Background Thread 2 ] DEBUG FXGLApplication      - Initializing game
09:19:30.354 [FXGL Background Thread 2 ] INFO  FXGLApplication      - Game initialization took: 0.058 sec
09:19:30.355 [JavaFX Application Thread] DEBUG Input                - Clearing active input actions
09:19:30.365 [JavaFX Application Thread] DEBUG GameApplicationServi - Removing overlay from FXGLLoadingScene and adding to GameScene
09:19:30.365 [JavaFX Application Thread] DEBUG PrimaryStageWindow   - FXGLLoadingScene -> GameScene
09:19:30.367 [JavaFX Application Thread] DEBUG FXGLAssetLoaderServi - Loading from file system: file:/C:/Users/Cao%20Xuan%20Dung/OneDrive%20-%20vnu.edu.vn/Documents/GitHub/BombermanTest/target/classes/assets/sounds/1-10.%20Clear.wav
09:19:30.385 [JavaFX Application Thread] DEBUG PrimaryStageWindow   - Push state: StageStartScene
09:19:30.385 [JavaFX Application Thread] DEBUG Input                - Clearing active input actions
09:19:30.385 [JavaFX Application Thread] DEBUG GameApplicationServi - Removing overlay from GameScene and adding to StageStartScene
09:19:30.385 [JavaFX Application Thread] DEBUG PrimaryStageWindow   - GameScene -> StageStartScene
09:19:31.745 [FXGL Background Thread 3 ] DEBUG Engine               - Logging environment variables
09:19:31.745 [FXGL Background Thread 3 ] DEBUG Engine               - achievements: []
09:19:31.745 [FXGL Background Thread 3 ] DEBUG Engine               - actualHeight: 864.0
09:19:31.745 [FXGL Background Thread 3 ] DEBUG Engine               - actualHeightProperty: ReadOnlyDoubleProperty [value: 864.0]
09:19:31.745 [FXGL Background Thread 3 ] DEBUG Engine               - actualWidth: 1536.0
09:19:31.745 [FXGL Background Thread 3 ] DEBUG Engine               - actualWidthProperty: ReadOnlyDoubleProperty [value: 1536.0]
09:19:31.745 [FXGL Background Thread 3 ] DEBUG Engine               - appIcon: fxgl_icon.png
09:19:31.745 [FXGL Background Thread 3 ] DEBUG Engine               - applicationMode: DEVELOPER
09:19:31.747 [FXGL Background Thread 3 ] DEBUG Engine               - cSSList: [fxgl_dark.css]
09:19:31.747 [FXGL Background Thread 3 ] DEBUG Engine               - collisionDetectionStrategy: BRUTE_FORCE
09:19:31.747 [FXGL Background Thread 3 ] DEBUG Engine               - configClass: Optional.empty
09:19:31.747 [FXGL Background Thread 3 ] DEBUG Engine               - credits: []
09:19:31.747 [FXGL Background Thread 3 ] DEBUG Engine               - defaultCursor: CursorInfo(imageName=fxgl_default_cursor.png, hotspotX=7.0, hotspotY=6.0)
09:19:31.747 [FXGL Background Thread 3 ] DEBUG Engine               - devBBoxColorProperty: ObjectProperty [value: 0xff0000ff]
09:19:31.747 [FXGL Background Thread 3 ] DEBUG Engine               - devEnableDebugCameraProperty: BooleanProperty [value: false]
09:19:31.747 [FXGL Background Thread 3 ] DEBUG Engine               - devSensorColorProperty: ObjectProperty [value: 0xffff00ff]
09:19:31.747 [FXGL Background Thread 3 ] DEBUG Engine               - devShowBBoxProperty: BooleanProperty [value: false]
09:19:31.747 [FXGL Background Thread 3 ] DEBUG Engine               - devShowPositionProperty: BooleanProperty [value: false]
09:19:31.747 [FXGL Background Thread 3 ] DEBUG Engine               - enabledMenuItems: []
09:19:31.747 [FXGL Background Thread 3 ] DEBUG Engine               - engineServices: [class com.almasb.fxgl.app.services.FXGLAssetLoaderService, class com.almasb.fxgl.app.FXGLApplication$GameApplicationService, class com.almasb.fxgl.app.services.FXGLDialogService, class com.almasb.fxgl.app.services.IOTaskExecutorService, class com.almasb.fxgl.io.FileSystemService, class com.almasb.fxgl.localization.LocalizationService, class com.almasb.fxgl.app.services.SystemBundleService, class com.almasb.fxgl.profile.SaveLoadService, class com.almasb.fxgl.ui.FXGLUIFactoryServiceProvider, class com.almasb.fxgl.ui.FXGLDialogFactoryServiceProvider, class com.almasb.fxgl.audio.AudioPlayer, class com.almasb.fxgl.notification.impl.NotificationServiceProvider, class com.almasb.fxgl.achievement.AchievementService, class com.almasb.fxgl.cutscene.CutsceneService, class com.almasb.fxgl.minigames.MiniGameService, class com.almasb.fxgl.net.NetService, class com.almasb.fxgl.app.services.UpdaterService, class com.almasb.fxgl.dev.DevService]
09:19:31.748 [FXGL Background Thread 3 ] DEBUG Engine               - fontGame: Abel-Regular.ttf
09:19:31.748 [FXGL Background Thread 3 ] DEBUG Engine               - fontMono: lucida_console.ttf
09:19:31.748 [FXGL Background Thread 3 ] DEBUG Engine               - fontText: Courier-Prime.ttf
09:19:31.748 [FXGL Background Thread 3 ] DEBUG Engine               - fontUI: game_font.ttf
09:19:31.748 [FXGL Background Thread 3 ] DEBUG Engine               - fullScreen: BooleanProperty [value: true]
09:19:31.748 [FXGL Background Thread 3 ] DEBUG Engine               - gameDifficulty: MEDIUM
09:19:31.748 [FXGL Background Thread 3 ] DEBUG Engine               - gameDifficultyProperty: ObjectProperty [value: MEDIUM]
09:19:31.748 [FXGL Background Thread 3 ] DEBUG Engine               - globalMusicVolume: 0.5
09:19:31.748 [FXGL Background Thread 3 ] DEBUG Engine               - globalMusicVolumeProperty: DoubleProperty [value: 0.0]
09:19:31.748 [FXGL Background Thread 3 ] DEBUG Engine               - globalSoundVolume: 0.5
09:19:31.748 [FXGL Background Thread 3 ] DEBUG Engine               - globalSoundVolumeProperty: DoubleProperty [value: 0.5]
09:19:31.748 [FXGL Background Thread 3 ] DEBUG Engine               - height: 720
09:19:31.748 [FXGL Background Thread 3 ] DEBUG Engine               - is3D: false
09:19:31.749 [FXGL Background Thread 3 ] DEBUG Engine               - isAndroid: false
09:19:31.749 [FXGL Background Thread 3 ] DEBUG Engine               - isBrowser: false
09:19:31.749 [FXGL Background Thread 3 ] DEBUG Engine               - isClickFeedbackEnabled: false
09:19:31.749 [FXGL Background Thread 3 ] DEBUG Engine               - isCloseConfirmation: false
09:19:31.749 [FXGL Background Thread 3 ] DEBUG Engine               - isDesktop: true
09:19:31.749 [FXGL Background Thread 3 ] DEBUG Engine               - isDeveloperMenuEnabled: false
09:19:31.749 [FXGL Background Thread 3 ] DEBUG Engine               - isEntityPreloadEnabled: true
09:19:31.749 [FXGL Background Thread 3 ] DEBUG Engine               - isExperimentalTiledLargeMap: false
09:19:31.749 [FXGL Background Thread 3 ] DEBUG Engine               - isFileSystemWriteAllowed: true
09:19:31.749 [FXGL Background Thread 3 ] DEBUG Engine               - isFullScreenAllowed: true
09:19:31.749 [FXGL Background Thread 3 ] DEBUG Engine               - isFullScreenFromStart: true
09:19:31.749 [FXGL Background Thread 3 ] DEBUG Engine               - isGameMenuEnabled: true
09:19:31.750 [FXGL Background Thread 3 ] DEBUG Engine               - isIOS: false
09:19:31.750 [FXGL Background Thread 3 ] DEBUG Engine               - isIntroEnabled: false
09:19:31.750 [FXGL Background Thread 3 ] DEBUG Engine               - isLinux: false
09:19:31.750 [FXGL Background Thread 3 ] DEBUG Engine               - isMac: false
09:19:31.750 [FXGL Background Thread 3 ] DEBUG Engine               - isMainMenuEnabled: true
09:19:31.750 [FXGL Background Thread 3 ] DEBUG Engine               - isManualResizeEnabled: false
09:19:31.750 [FXGL Background Thread 3 ] DEBUG Engine               - isMobile: false
09:19:31.750 [FXGL Background Thread 3 ] DEBUG Engine               - isNative: false
09:19:31.750 [FXGL Background Thread 3 ] DEBUG Engine               - isPauseMusicWhenMinimized: true
09:19:31.750 [FXGL Background Thread 3 ] DEBUG Engine               - isPreserveResizeRatio: false
09:19:31.750 [FXGL Background Thread 3 ] DEBUG Engine               - isProfilingEnabled: false
09:19:31.750 [FXGL Background Thread 3 ] DEBUG Engine               - isScaleAffectedOnResize: true
09:19:31.750 [FXGL Background Thread 3 ] DEBUG Engine               - isSingleStep: false
09:19:31.750 [FXGL Background Thread 3 ] DEBUG Engine               - isUserProfileEnabled: false
09:19:31.750 [FXGL Background Thread 3 ] DEBUG Engine               - isWindows: true
09:19:31.751 [FXGL Background Thread 3 ] DEBUG Engine               - language: ObjectProperty [value: ENGLISH]
09:19:31.751 [FXGL Background Thread 3 ] DEBUG Engine               - menuKey: ESCAPE
09:19:31.751 [FXGL Background Thread 3 ] DEBUG Engine               - mouseSensitivity: 0.2
09:19:31.751 [FXGL Background Thread 3 ] DEBUG Engine               - notificationViewClass: class com.almasb.fxgl.notification.view.XboxNotificationView
09:19:31.751 [FXGL Background Thread 3 ] DEBUG Engine               - pixelsPerMeter: 50.0
09:19:31.751 [FXGL Background Thread 3 ] DEBUG Engine               - platform: WINDOWS
09:19:31.751 [FXGL Background Thread 3 ] DEBUG Engine               - prefHeightProperty: ReadOnlyDoubleProperty [value: 720.0]
09:19:31.751 [FXGL Background Thread 3 ] DEBUG Engine               - prefWidthProperty: ReadOnlyDoubleProperty [value: 1280.0]
09:19:31.751 [FXGL Background Thread 3 ] DEBUG Engine               - profileDir: profiles/
09:19:31.751 [FXGL Background Thread 3 ] DEBUG Engine               - profileName: StringProperty [value: DEFAULT]
09:19:31.751 [FXGL Background Thread 3 ] DEBUG Engine               - randomSeed: -1
09:19:31.752 [FXGL Background Thread 3 ] DEBUG Engine               - runtimeInfo: RuntimeInfo(platform=WINDOWS, version=11.17, build=16.07.2021 15.46)
09:19:31.752 [FXGL Background Thread 3 ] DEBUG Engine               - saveFileExt: sav
09:19:31.752 [FXGL Background Thread 3 ] DEBUG Engine               - scaledHeightProp$fxgl: DoubleProperty [bound, value: 864.0]
09:19:31.752 [FXGL Background Thread 3 ] DEBUG Engine               - scaledWidthProp$fxgl: DoubleProperty [bound, value: 1536.0]
09:19:31.752 [FXGL Background Thread 3 ] DEBUG Engine               - sceneFactory: Bomberman.GameApp$1@5e3de641
09:19:31.752 [FXGL Background Thread 3 ] DEBUG Engine               - secondsIn24h: 60
09:19:31.752 [FXGL Background Thread 3 ] DEBUG Engine               - soundMenuBack: menu/back.wav
09:19:31.752 [FXGL Background Thread 3 ] DEBUG Engine               - soundMenuPress: menu/press.wav
09:19:31.752 [FXGL Background Thread 3 ] DEBUG Engine               - soundMenuSelect: menu/select.wav
09:19:31.752 [FXGL Background Thread 3 ] DEBUG Engine               - soundNotification: core/notification.wav
09:19:31.752 [FXGL Background Thread 3 ] DEBUG Engine               - stageStyle: DECORATED
09:19:31.752 [FXGL Background Thread 3 ] DEBUG Engine               - supportedLanguages: [ENGLISH, FRENCH, GERMAN, HUNGARIAN, RUSSIAN]
09:19:31.752 [FXGL Background Thread 3 ] DEBUG Engine               - ticksPerSecond: -1
09:19:31.753 [FXGL Background Thread 3 ] DEBUG Engine               - title: BOMBER
 MAN
09:19:31.753 [FXGL Background Thread 3 ] DEBUG Engine               - urlGithub: https://github.com/AlmasB/FXGL
09:19:31.753 [FXGL Background Thread 3 ] DEBUG Engine               - urlLeaderboard: http://fxgl-top.herokuapp.com/
09:19:31.753 [FXGL Background Thread 3 ] DEBUG Engine               - urlPOM: https://raw.githubusercontent.com/AlmasB/FXGL/release/README.md
09:19:31.753 [FXGL Background Thread 3 ] DEBUG Engine               - userAppClass: class Bomberman.GameApp
09:19:31.753 [FXGL Background Thread 3 ] DEBUG Engine               - version: Pro
09:19:31.753 [FXGL Background Thread 3 ] DEBUG Engine               - versionCheckDays: 7
09:19:31.753 [FXGL Background Thread 3 ] DEBUG Engine               - width: 1280
09:19:31.753 [FXGL Background Thread 3 ] DEBUG Engine               - Logging services
09:19:31.753 [FXGL Background Thread 3 ] DEBUG Engine               - class com.almasb.fxgl.app.services.FXGLAssetLoaderService
09:19:31.753 [FXGL Background Thread 3 ] DEBUG Engine               - class com.almasb.fxgl.app.FXGLApplication$GameApplicationService
09:19:31.754 [FXGL Background Thread 3 ] DEBUG Engine               - class com.almasb.fxgl.app.services.FXGLDialogService
09:19:31.754 [FXGL Background Thread 3 ] DEBUG Engine               - class com.almasb.fxgl.app.services.IOTaskExecutorService
09:19:31.754 [FXGL Background Thread 3 ] DEBUG Engine               - class com.almasb.fxgl.io.FileSystemService
09:19:31.754 [FXGL Background Thread 3 ] DEBUG Engine               - class com.almasb.fxgl.localization.LocalizationService
09:19:31.754 [FXGL Background Thread 3 ] DEBUG Engine               - class com.almasb.fxgl.app.services.SystemBundleService
09:19:31.754 [FXGL Background Thread 3 ] DEBUG Engine               - class com.almasb.fxgl.profile.SaveLoadService
09:19:31.754 [FXGL Background Thread 3 ] DEBUG Engine               - class com.almasb.fxgl.ui.FXGLUIFactoryServiceProvider
09:19:31.754 [FXGL Background Thread 3 ] DEBUG Engine               - class com.almasb.fxgl.ui.FXGLDialogFactoryServiceProvider
09:19:31.754 [FXGL Background Thread 3 ] DEBUG Engine               - class com.almasb.fxgl.audio.AudioPlayer
09:19:31.754 [FXGL Background Thread 3 ] DEBUG Engine               - class com.almasb.fxgl.notification.impl.NotificationServiceProvider
09:19:31.754 [FXGL Background Thread 3 ] DEBUG Engine               - class com.almasb.fxgl.achievement.AchievementService
09:19:31.754 [FXGL Background Thread 3 ] DEBUG Engine               - class com.almasb.fxgl.cutscene.CutsceneService
09:19:31.754 [FXGL Background Thread 3 ] DEBUG Engine               - class com.almasb.fxgl.minigames.MiniGameService
09:19:31.754 [FXGL Background Thread 3 ] DEBUG Engine               - class com.almasb.fxgl.net.NetService
09:19:31.754 [FXGL Background Thread 3 ] DEBUG Engine               - class com.almasb.fxgl.app.services.UpdaterService
09:19:31.754 [FXGL Background Thread 3 ] DEBUG Engine               - class com.almasb.fxgl.dev.DevService
09:19:33.951 [JavaFX Application Thread] DEBUG PrimaryStageWindow   - Pop state: StageStartScene
09:19:33.951 [JavaFX Application Thread] DEBUG Input                - Clearing active input actions
09:19:33.951 [JavaFX Application Thread] DEBUG GameApplicationServi - Removing overlay from StageStartScene and adding to GameScene
09:19:33.951 [JavaFX Application Thread] DEBUG PrimaryStageWindow   - GameScene <- StageStartScene
09:19:34.972 [JavaFX Application Thread] DEBUG FXGLApplication      - Exiting FXGL
09:19:34.973 [JavaFX Application Thread] DEBUG LoopRunner           - Stopping loop
09:19:34.973 [JavaFX Application Thread] DEBUG SystemBundleService  - Saving FXGL system data
09:19:34.976 [JavaFX Application Thread] DEBUG FileSystemAccess     - Writing to: C:\Users\Cao Xuan Dung\OneDrive - vnu.edu.vn\Documents\GitHub\BombermanTest\system\fxgl.bundle
09:19:34.979 [JavaFX Application Thread] DEBUG Async                - Shutting down background threads
09:19:34.980 [JavaFX Application Thread] DEBUG PrimaryStageWindow   - Closing main window
09:19:34.996 [JavaFX Application Thread] DEBUG Logger               - Closing Logger
