09:31:24.312 [main                     ] DEBUG Logger               - Configured Logger
09:31:24.317 [main                     ] DEBUG GameApplication      - Logging settings
Title: BOMBER
 MAN
Version: Pro
Width: 1280
Height: 720
Fullscreen: true
Intro: false
Profiling: false
Single step:false
App Mode: DEVELOPER
Menu Key: ESCAPE
Stage Style: DECORATED
Scene Factory: class Bomberman.GameApp$1

09:31:24.841 [JavaFX Application Thread] DEBUG FXGLApplication      - Initializing FXGL
09:31:24.843 [JavaFX Application Thread] INFO  Engine               - FXGL-11.17 (16.07.2021 15.46) on WINDOWS (J:18.0.2.1 FX:16)
09:31:24.844 [JavaFX Application Thread] DEBUG Engine               - JRE Vendor Name: Oracle Corporation
09:31:24.844 [JavaFX Application Thread] DEBUG Engine               - Running on OS: Windows 11 version 10.0
09:31:24.844 [JavaFX Application Thread] DEBUG Engine               - Architecture: amd64
09:31:24.844 [JavaFX Application Thread] INFO  Engine               - Source code and latest versions at: https://github.com/AlmasB/FXGL
09:31:24.844 [JavaFX Application Thread] INFO  Engine               -              Join the FXGL chat at: https://gitter.im/AlmasB/FXGL
09:31:24.983 [JavaFX Application Thread] DEBUG PrimaryStageWindow   - Creating a JavaFX scene
09:31:25.038 [JavaFX Application Thread] DEBUG PrimaryStageWindow   - Target settings size: 1280.0 x 720.0
09:31:25.038 [JavaFX Application Thread] DEBUG PrimaryStageWindow   - Scaled scene size:    1280.0 x 720.0
09:31:25.038 [JavaFX Application Thread] DEBUG PrimaryStageWindow   - Scaled ratio: (1.0, 1.0)
09:31:25.039 [JavaFX Application Thread] DEBUG PrimaryStageWindow   - Set initial scene to FXGLStartupScene
09:31:25.049 [JavaFX Application Thread] DEBUG PrimaryStageWindow   - Opening main window
09:31:25.167 [JavaFX Application Thread] DEBUG PrimaryStageWindow   - Window border size: (14.4000244140625, 37.5999755859375)
09:31:25.167 [JavaFX Application Thread] DEBUG PrimaryStageWindow   - Scaled size: 1280.0 x 720.0
09:31:25.167 [JavaFX Application Thread] DEBUG PrimaryStageWindow   - Scaled ratio: (1.0, 1.0)
09:31:25.167 [JavaFX Application Thread] DEBUG PrimaryStageWindow   - Scene size: 1280.0 x 720.0
09:31:25.167 [JavaFX Application Thread] DEBUG PrimaryStageWindow   - Stage size: 1294.4000244140625 x 757.5999755859375
09:31:25.227 [JavaFX Application Thread] DEBUG PrimaryStageWindow   - Going fullscreen
09:31:25.238 [FXGL Background Thread 1 ] DEBUG Engine               - Initializing environment variables
09:31:25.311 [FXGL Background Thread 1 ] DEBUG FXGLAssetLoaderServi - User app class for loading assets: class Bomberman.GameApp
09:31:25.311 [FXGL Background Thread 1 ] DEBUG GameApplicationServi - Applying CSS: fxgl_dark.css
09:31:25.312 [FXGL Background Thread 1 ] DEBUG FXGLAssetLoaderServi - Loading from file system: jar:file:/C:/Users/Cao%20Xuan%20Dung/.m2/repository/com/github/almasb/fxgl/11.17/fxgl-11.17.jar!/fxglassets/ui/css/fxgl_dark.css
09:31:25.350 [FXGL Background Thread 1 ] DEBUG GameApplicationServi - Initializing application scenes
09:31:25.388 [FXGL Background Thread 1 ] DEBUG GameWorld            - Game world initialized
09:31:25.444 [FXGL Background Thread 1 ] DEBUG PhysicsWorld         - Physics world initialized: appHeight=720, physics.ppm=50.0
09:31:25.444 [FXGL Background Thread 1 ] DEBUG PhysicsWorld         - Using strategy: BRUTE_FORCE
09:31:25.448 [FXGL Background Thread 1 ] DEBUG GameScene            - Game scene initialized: 1280x720
09:31:25.538 [FXGL Background Thread 1 ] DEBUG GameApplicationServi - Application scenes initialized
09:31:25.547 [FXGL Background Thread 1 ] DEBUG SystemBundleService  - Loading FXGL system data
09:31:25.550 [FXGL Background Thread 1 ] DEBUG FileSystemAccess     - Reading from: C:\Users\Cao Xuan Dung\OneDrive - vnu.edu.vn\Documents\GitHub\BombermanTest\system\fxgl.bundle
09:31:25.558 [FXGL Background Thread 1 ] DEBUG SystemBundleService  - Bundle FXGL: {}
09:31:25.559 [FXGL Background Thread 1 ] DEBUG UpdaterService       - Checking for updates
09:31:25.563 [FXGL Background Thread 4 ] DEBUG FXGLApplication      - Loading fonts
09:31:25.564 [FXGL Background Thread 4 ] DEBUG FXGLAssetLoaderServi - Loading from file system: file:/C:/Users/Cao%20Xuan%20Dung/OneDrive%20-%20vnu.edu.vn/Documents/GitHub/BombermanTest/target/classes/assets/ui/fonts/game_font.ttf
09:31:25.564 [FXGL Background Thread 1 ] DEBUG FXGLApplication      - Loading default localization
09:31:25.564 [FXGL Background Thread 1 ] DEBUG FXGLAssetLoaderServi - Loading from file system: jar:file:/C:/Users/Cao%20Xuan%20Dung/.m2/repository/com/github/almasb/fxgl/11.17/fxgl-11.17.jar!/fxglassets/languages/english.lang
09:31:25.585 [FXGL Background Thread 1 ] INFO  FXGLApplication      - FXGL initialization took: 0.348 sec
09:31:25.588 [JavaFX Application Thread] DEBUG FXGLAssetLoaderServi - Loading from file system: file:/C:/Users/Cao%20Xuan%20Dung/OneDrive%20-%20vnu.edu.vn/Documents/GitHub/BombermanTest/target/classes/assets/music/1-01.%20Title.mp3
09:31:25.636 [FXGL Background Thread 4 ] DEBUG FXGLAssetLoaderServi - Loading from file system: jar:file:/C:/Users/Cao%20Xuan%20Dung/.m2/repository/com/github/almasb/fxgl/11.17/fxgl-11.17.jar!/fxglassets/ui/fonts/Abel-Regular.ttf
09:31:25.641 [FXGL Background Thread 4 ] DEBUG FXGLAssetLoaderServi - Loading from file system: jar:file:/C:/Users/Cao%20Xuan%20Dung/.m2/repository/com/github/almasb/fxgl/11.17/fxgl-11.17.jar!/fxglassets/ui/fonts/lucida_console.ttf
09:31:25.647 [FXGL Background Thread 4 ] DEBUG FXGLAssetLoaderServi - Loading from file system: jar:file:/C:/Users/Cao%20Xuan%20Dung/.m2/repository/com/github/almasb/fxgl/11.17/fxgl-11.17.jar!/fxglassets/ui/fonts/Courier-Prime.ttf
09:31:25.748 [JavaFX Application Thread] DEBUG AudioPlayer          - Playing music com.almasb.fxgl.audio.Music@30ddb2b5
09:31:25.749 [JavaFX Application Thread] DEBUG FXGLAssetLoaderServi - Loading from file system: jar:file:/C:/Users/Cao%20Xuan%20Dung/.m2/repository/com/github/almasb/fxgl/11.17/fxgl-11.17.jar!/fxglassets/textures/fxgl_icon.png
09:31:25.814 [JavaFX Application Thread] DEBUG FXGLAssetLoaderServi - Loading from file system: jar:file:/C:/Users/Cao%20Xuan%20Dung/.m2/repository/com/github/almasb/fxgl/11.17/fxgl-11.17.jar!/fxglassets/textures/fxgl_default_cursor.png
09:31:25.826 [JavaFX Application Thread] DEBUG Input                - Registered new binding: Screenshot - CTRL+8
09:31:25.826 [JavaFX Application Thread] DEBUG Input                - Registered new binding: System info dump - CTRL+9
09:31:25.828 [JavaFX Application Thread] DEBUG Input                - Registered new binding: Restart - CTRL+R
09:31:25.828 [JavaFX Application Thread] DEBUG Input                - Registered new binding: Toggle Debug Camera - CTRL+C
09:31:25.831 [JavaFX Application Thread] DEBUG LoopRunner           - Starting loop
09:31:25.831 [JavaFX Application Thread] DEBUG LoopRunner           - Initializing JavaFX AnimationTimerLoop
09:31:25.834 [JavaFX Application Thread] DEBUG Input                - Clearing active input actions
09:31:25.842 [JavaFX Application Thread] DEBUG GameApplicationServi - Removing overlay from FXGLStartupScene and adding to FXGLMainMenuDummyScene
09:31:25.842 [JavaFX Application Thread] DEBUG PrimaryStageWindow   - FXGLStartupScene -> FXGLMainMenuDummyScene
09:31:25.842 [JavaFX Application Thread] DEBUG PrimaryStageWindow   - Push state: MainMenu
09:31:25.842 [JavaFX Application Thread] DEBUG Input                - Clearing active input actions
09:31:25.848 [JavaFX Application Thread] DEBUG GameApplicationServi - Removing overlay from FXGLMainMenuDummyScene and adding to MainMenu
09:31:25.849 [JavaFX Application Thread] DEBUG PrimaryStageWindow   - FXGLMainMenuDummyScene -> MainMenu
09:31:25.849 [JavaFX Application Thread] DEBUG FXGLApplication      - Registering font factories with UI factory
09:31:26.496 [FXGL Background Thread 2 ] INFO  UpdaterService       - Your current version:  11.17
09:31:26.497 [FXGL Background Thread 2 ] INFO  UpdaterService       - Latest stable version: 17.2
09:31:26.922 [JavaFX Application Thread] DEBUG Menu                 - fireExit()
09:31:26.934 [JavaFX Application Thread] DEBUG PrimaryStageWindow   - Push state: DialogSubScene
09:31:26.934 [JavaFX Application Thread] DEBUG Input                - Clearing active input actions
09:31:26.938 [JavaFX Application Thread] DEBUG GameApplicationServi - Removing overlay from MainMenu and adding to DialogSubScene
09:31:26.938 [JavaFX Application Thread] DEBUG PrimaryStageWindow   - MainMenu -> DialogSubScene
09:31:27.553 [JavaFX Application Thread] DEBUG PrimaryStageWindow   - Pop state: DialogSubScene
09:31:27.553 [JavaFX Application Thread] DEBUG Input                - Clearing active input actions
09:31:27.553 [JavaFX Application Thread] DEBUG GameApplicationServi - Removing overlay from DialogSubScene and adding to MainMenu
09:31:27.555 [JavaFX Application Thread] DEBUG PrimaryStageWindow   - MainMenu <- DialogSubScene
09:31:27.555 [JavaFX Application Thread] DEBUG FXGLApplication      - Exiting FXGL
09:31:27.555 [JavaFX Application Thread] DEBUG LoopRunner           - Stopping loop
09:31:27.555 [JavaFX Application Thread] DEBUG SystemBundleService  - Saving FXGL system data
09:31:27.558 [JavaFX Application Thread] DEBUG FileSystemAccess     - Writing to: C:\Users\Cao Xuan Dung\OneDrive - vnu.edu.vn\Documents\GitHub\BombermanTest\system\fxgl.bundle
09:31:27.560 [JavaFX Application Thread] DEBUG Async                - Shutting down background threads
09:31:27.560 [JavaFX Application Thread] DEBUG PrimaryStageWindow   - Closing main window
09:31:27.580 [JavaFX Application Thread] DEBUG Logger               - Closing Logger
