09:40:23.504 [main                     ] DEBUG Logger               - Configured Logger
09:40:23.511 [main                     ] DEBUG GameApplication      - Logging settings
Title: BOMBER
 MAN
Version: Pro
Width: 1280
Height: 720
Fullscreen: true
Intro: false
Profiling: false
Single step:false
App Mode: DEVELOPER
Menu Key: ESCAPE
Stage Style: DECORATED
Scene Factory: class Bomberman.Game$1

09:40:23.881 [JavaFX Application Thread] DEBUG FXGLApplication      - Initializing FXGL
09:40:23.884 [JavaFX Application Thread] INFO  Engine               - FXGL-11.17 (16.07.2021 15.46) on WINDOWS (J:18.0.2.1 FX:19)
09:40:23.884 [JavaFX Application Thread] DEBUG Engine               - JRE Vendor Name: Oracle Corporation
09:40:23.884 [JavaFX Application Thread] DEBUG Engine               - Running on OS: Windows 11 version 10.0
09:40:23.884 [JavaFX Application Thread] DEBUG Engine               - Architecture: amd64
09:40:23.884 [JavaFX Application Thread] INFO  Engine               - Source code and latest versions at: https://github.com/AlmasB/FXGL
09:40:23.885 [JavaFX Application Thread] INFO  Engine               -              Join the FXGL chat at: https://gitter.im/AlmasB/FXGL
09:40:23.999 [JavaFX Application Thread] DEBUG PrimaryStageWindow   - Creating a JavaFX scene
09:40:24.051 [JavaFX Application Thread] DEBUG PrimaryStageWindow   - Target settings size: 1280.0 x 720.0
09:40:24.051 [JavaFX Application Thread] DEBUG PrimaryStageWindow   - Scaled scene size:    1280.0 x 720.0
09:40:24.051 [JavaFX Application Thread] DEBUG PrimaryStageWindow   - Scaled ratio: (1.0, 1.0)
09:40:24.052 [JavaFX Application Thread] DEBUG PrimaryStageWindow   - Set initial scene to FXGLStartupScene
09:40:24.055 [JavaFX Application Thread] DEBUG PrimaryStageWindow   - Opening main window
09:40:24.145 [JavaFX Application Thread] DEBUG PrimaryStageWindow   - Window border size: (14.4000244140625, 37.5999755859375)
09:40:24.145 [JavaFX Application Thread] DEBUG PrimaryStageWindow   - Scaled size: 1280.0 x 720.0
09:40:24.145 [JavaFX Application Thread] DEBUG PrimaryStageWindow   - Scaled ratio: (1.0, 1.0)
09:40:24.145 [JavaFX Application Thread] DEBUG PrimaryStageWindow   - Scene size: 1280.0 x 720.0
09:40:24.145 [JavaFX Application Thread] DEBUG PrimaryStageWindow   - Stage size: 1294.4000244140625 x 757.5999755859375
09:40:24.206 [JavaFX Application Thread] DEBUG PrimaryStageWindow   - Going fullscreen
09:40:24.216 [FXGL Background Thread 1 ] DEBUG Engine               - Initializing environment variables
09:40:24.278 [FXGL Background Thread 1 ] DEBUG FXGLAssetLoaderServi - User app class for loading assets: class Bomberman.Game
09:40:24.278 [FXGL Background Thread 1 ] DEBUG GameApplicationServi - Applying CSS: fxgl_dark.css
09:40:24.279 [FXGL Background Thread 1 ] DEBUG FXGLAssetLoaderServi - Loading from file system: jar:file:/C:/Users/Cao%20Xuan%20Dung/.m2/repository/com/github/almasb/fxgl/11.17/fxgl-11.17.jar!/fxglassets/ui/css/fxgl_dark.css
09:40:24.313 [FXGL Background Thread 1 ] DEBUG GameApplicationServi - Initializing application scenes
09:40:24.354 [FXGL Background Thread 1 ] DEBUG GameWorld            - Game world initialized
09:40:24.403 [FXGL Background Thread 1 ] DEBUG PhysicsWorld         - Physics world initialized: appHeight=720, physics.ppm=50.0
09:40:24.403 [FXGL Background Thread 1 ] DEBUG PhysicsWorld         - Using strategy: BRUTE_FORCE
09:40:24.405 [FXGL Background Thread 1 ] DEBUG GameScene            - Game scene initialized: 1280x720
09:40:24.522 [FXGL Background Thread 1 ] DEBUG GameApplicationServi - Application scenes initialized
09:40:24.533 [FXGL Background Thread 1 ] DEBUG SystemBundleService  - Loading FXGL system data
09:40:24.538 [FXGL Background Thread 1 ] DEBUG FileSystemAccess     - Reading from: C:\Users\Cao Xuan Dung\OneDrive - vnu.edu.vn\Documents\GitHub\bomberman-uet\system\fxgl.bundle
09:40:24.552 [FXGL Background Thread 1 ] DEBUG SystemBundleService  - Bundle FXGL: {}
09:40:24.552 [FXGL Background Thread 1 ] DEBUG UpdaterService       - Checking for updates
09:40:24.563 [FXGL Background Thread 4 ] DEBUG FXGLApplication      - Loading fonts
09:40:24.564 [FXGL Background Thread 1 ] DEBUG FXGLApplication      - Loading default localization
09:40:24.564 [FXGL Background Thread 4 ] DEBUG FXGLAssetLoaderServi - Loading from file system: file:/C:/Users/Cao%20Xuan%20Dung/OneDrive%20-%20vnu.edu.vn/Documents/GitHub/bomberman-uet/target/classes/assets/ui/fonts/game_font.ttf
09:40:24.564 [FXGL Background Thread 1 ] DEBUG FXGLAssetLoaderServi - Loading from file system: jar:file:/C:/Users/Cao%20Xuan%20Dung/.m2/repository/com/github/almasb/fxgl/11.17/fxgl-11.17.jar!/fxglassets/languages/english.lang
09:40:24.582 [FXGL Background Thread 1 ] INFO  FXGLApplication      - FXGL initialization took: 0.366 sec
09:40:24.583 [JavaFX Application Thread] DEBUG FXGLAssetLoaderServi - Loading from file system: file:/C:/Users/Cao%20Xuan%20Dung/OneDrive%20-%20vnu.edu.vn/Documents/GitHub/bomberman-uet/target/classes/assets/music/1-01.%20Title.mp3
09:40:24.675 [FXGL Background Thread 4 ] DEBUG FXGLAssetLoaderServi - Loading from file system: jar:file:/C:/Users/Cao%20Xuan%20Dung/.m2/repository/com/github/almasb/fxgl/11.17/fxgl-11.17.jar!/fxglassets/ui/fonts/Abel-Regular.ttf
09:40:24.682 [FXGL Background Thread 4 ] DEBUG FXGLAssetLoaderServi - Loading from file system: jar:file:/C:/Users/Cao%20Xuan%20Dung/.m2/repository/com/github/almasb/fxgl/11.17/fxgl-11.17.jar!/fxglassets/ui/fonts/lucida_console.ttf
09:40:24.689 [FXGL Background Thread 4 ] DEBUG FXGLAssetLoaderServi - Loading from file system: jar:file:/C:/Users/Cao%20Xuan%20Dung/.m2/repository/com/github/almasb/fxgl/11.17/fxgl-11.17.jar!/fxglassets/ui/fonts/Courier-Prime.ttf
09:40:24.737 [JavaFX Application Thread] DEBUG AudioPlayer          - Playing music com.almasb.fxgl.audio.Music@7abb3215
09:40:24.738 [JavaFX Application Thread] DEBUG FXGLAssetLoaderServi - Loading from file system: jar:file:/C:/Users/Cao%20Xuan%20Dung/.m2/repository/com/github/almasb/fxgl/11.17/fxgl-11.17.jar!/fxglassets/textures/fxgl_icon.png
09:40:24.783 [JavaFX Application Thread] DEBUG FXGLAssetLoaderServi - Loading from file system: jar:file:/C:/Users/Cao%20Xuan%20Dung/.m2/repository/com/github/almasb/fxgl/11.17/fxgl-11.17.jar!/fxglassets/textures/fxgl_default_cursor.png
09:40:24.792 [JavaFX Application Thread] DEBUG Input                - Registered new binding: Screenshot - CTRL+8
09:40:24.792 [JavaFX Application Thread] DEBUG Input                - Registered new binding: System info dump - CTRL+9
09:40:24.793 [JavaFX Application Thread] DEBUG Input                - Registered new binding: Restart - CTRL+R
09:40:24.793 [JavaFX Application Thread] DEBUG Input                - Registered new binding: Toggle Debug Camera - CTRL+C
09:40:24.795 [JavaFX Application Thread] DEBUG LoopRunner           - Starting loop
09:40:24.795 [JavaFX Application Thread] DEBUG LoopRunner           - Initializing JavaFX AnimationTimerLoop
09:40:24.798 [JavaFX Application Thread] DEBUG Input                - Clearing active input actions
09:40:24.803 [JavaFX Application Thread] DEBUG GameApplicationServi - Removing overlay from FXGLStartupScene and adding to FXGLMainMenuDummyScene
09:40:24.803 [JavaFX Application Thread] DEBUG PrimaryStageWindow   - FXGLStartupScene -> FXGLMainMenuDummyScene
09:40:24.803 [JavaFX Application Thread] DEBUG PrimaryStageWindow   - Push state: MainMenu
09:40:24.803 [JavaFX Application Thread] DEBUG Input                - Clearing active input actions
09:40:24.807 [JavaFX Application Thread] DEBUG GameApplicationServi - Removing overlay from FXGLMainMenuDummyScene and adding to MainMenu
09:40:24.807 [JavaFX Application Thread] DEBUG PrimaryStageWindow   - FXGLMainMenuDummyScene -> MainMenu
09:40:24.818 [JavaFX Application Thread] DEBUG FXGLApplication      - Registering font factories with UI factory
09:40:25.493 [FXGL Background Thread 2 ] INFO  UpdaterService       - Your current version:  11.17
09:40:25.493 [FXGL Background Thread 2 ] INFO  UpdaterService       - Latest stable version: 17.2
09:40:26.791 [JavaFX Application Thread] DEBUG Menu                 - fireNewGame()
09:40:26.791 [JavaFX Application Thread] DEBUG GameApplicationServi - Starting new game
09:40:26.791 [JavaFX Application Thread] DEBUG PrimaryStageWindow   - Pop state: MainMenu
09:40:26.791 [JavaFX Application Thread] DEBUG Input                - Clearing active input actions
09:40:26.792 [JavaFX Application Thread] DEBUG GameApplicationServi - Removing overlay from MainMenu and adding to FXGLMainMenuDummyScene
09:40:26.792 [JavaFX Application Thread] DEBUG PrimaryStageWindow   - FXGLMainMenuDummyScene <- MainMenu
09:40:26.792 [JavaFX Application Thread] DEBUG Input                - Clearing active input actions
09:40:26.800 [JavaFX Application Thread] DEBUG GameApplicationServi - Removing overlay from FXGLMainMenuDummyScene and adding to FXGLLoadingScene
09:40:26.800 [JavaFX Application Thread] DEBUG PrimaryStageWindow   - FXGLMainMenuDummyScene -> FXGLLoadingScene
09:40:26.800 [JavaFX Application Thread] DEBUG GameApplicationServi - Clearing previous game
09:40:26.800 [JavaFX Application Thread] DEBUG GameScene            - Clearing game scene
09:40:26.800 [JavaFX Application Thread] DEBUG GameWorld            - Clearing game world
09:40:26.800 [JavaFX Application Thread] DEBUG PhysicsWorld         - Clearing physics world
09:40:26.802 [FXGL Background Thread 2 ] DEBUG FXGLApplication      - Initializing game
09:40:26.829 [JavaFX Application Thread] DEBUG LoopRunner           - Stopping loop
09:40:26.831 [JavaFX Application Thread] FATAL FXGLApplication      - Uncaught Exception:
java.lang.RuntimeException: Initialization failed
	at com.almasb.fxgl.app.FXGLApplication$InitAppTask.failed(FXGLApplication.kt:343)
	at javafx.concurrent.Task.setState(Task.java:710)
	at javafx.concurrent.Task$TaskCallable.lambda$call$2(Task.java:1456)
	at com.sun.javafx.application.PlatformImpl.lambda$runLater$10(PlatformImpl.java:457)
	at java.base/java.security.AccessController.doPrivileged(AccessController.java:399)
	at com.sun.javafx.application.PlatformImpl.lambda$runLater$11(PlatformImpl.java:456)
	at com.sun.glass.ui.InvokeLaterDispatcher$Future.run$$$capture(InvokeLaterDispatcher.java:96)
	at com.sun.glass.ui.InvokeLaterDispatcher$Future.run(InvokeLaterDispatcher.java)
	at com.sun.glass.ui.win.WinApplication._runLoop(Native Method)
	at com.sun.glass.ui.win.WinApplication.lambda$runLoop$3(WinApplication.java:184)
	at java.base/java.lang.Thread.run(Thread.java:833)
Caused by: java.lang.IllegalArgumentException: Property level does not exist
	at com.almasb.fxgl.core.collection.PropertyMap.get(PropertyMap.kt:251)
	at com.almasb.fxgl.core.collection.PropertyMap.intProperty(PropertyMap.kt:162)
	at com.almasb.fxgl.dsl.FXGL$Companion.getip(FXGL.kt:305)
	at com.almasb.fxgl.dsl.FXGL.getip(FXGL.kt)
	at Bomberman.UI.UIComponents.addILabelUI(UIComponents.java:16)
	at Bomberman.Game.initUI(Game.java:60)
	at com.almasb.fxgl.app.FXGLApplication$InitAppTask.call(FXGLApplication.kt:321)
	at com.almasb.fxgl.app.FXGLApplication$InitAppTask.call(FXGLApplication.kt:311)
	at javafx.concurrent.Task$TaskCallable.call(Task.java:1426)
	at java.base/java.util.concurrent.FutureTask.run$$$capture(FutureTask.java:264)
	at java.base/java.util.concurrent.FutureTask.run(FutureTask.java)
	at java.base/java.util.concurrent.Executors$RunnableAdapter.call(Executors.java:539)
	at java.base/java.util.concurrent.FutureTask.run$$$capture(FutureTask.java:264)
	at java.base/java.util.concurrent.FutureTask.run(FutureTask.java)
	at java.base/java.util.concurrent.ThreadPoolExecutor.runWorker(ThreadPoolExecutor.java:1136)
	at java.base/java.util.concurrent.ThreadPoolExecutor$Worker.run(ThreadPoolExecutor.java:635)
	... 1 more

09:40:26.831 [JavaFX Application Thread] FATAL FXGLApplication      - Application will now exit
09:40:26.850 [JavaFX Application Thread] DEBUG PrimaryStageWindow   - Push state: ErrorSubScene
09:40:26.850 [JavaFX Application Thread] DEBUG Input                - Clearing active input actions
09:40:26.856 [JavaFX Application Thread] DEBUG GameApplicationServi - Removing overlay from FXGLLoadingScene and adding to ErrorSubScene
09:40:26.857 [JavaFX Application Thread] DEBUG PrimaryStageWindow   - FXGLLoadingScene -> ErrorSubScene
09:40:27.560 [FXGL Background Thread 3 ] DEBUG Engine               - Logging environment variables
09:40:27.560 [FXGL Background Thread 3 ] DEBUG Engine               - achievements: []
09:40:27.560 [FXGL Background Thread 3 ] DEBUG Engine               - actualHeight: 864.0
09:40:27.560 [FXGL Background Thread 3 ] DEBUG Engine               - actualHeightProperty: ReadOnlyDoubleProperty [value: 864.0]
09:40:27.560 [FXGL Background Thread 3 ] DEBUG Engine               - actualWidth: 1536.0
09:40:27.560 [FXGL Background Thread 3 ] DEBUG Engine               - actualWidthProperty: ReadOnlyDoubleProperty [value: 1536.0]
09:40:27.561 [FXGL Background Thread 3 ] DEBUG Engine               - appIcon: fxgl_icon.png
09:40:27.561 [FXGL Background Thread 3 ] DEBUG Engine               - applicationMode: DEVELOPER
09:40:27.561 [FXGL Background Thread 3 ] DEBUG Engine               - cSSList: [fxgl_dark.css]
09:40:27.561 [FXGL Background Thread 3 ] DEBUG Engine               - collisionDetectionStrategy: BRUTE_FORCE
09:40:27.561 [FXGL Background Thread 3 ] DEBUG Engine               - configClass: Optional.empty
09:40:27.561 [FXGL Background Thread 3 ] DEBUG Engine               - credits: []
09:40:27.561 [FXGL Background Thread 3 ] DEBUG Engine               - defaultCursor: CursorInfo(imageName=fxgl_default_cursor.png, hotspotX=7.0, hotspotY=6.0)
09:40:27.561 [FXGL Background Thread 3 ] DEBUG Engine               - devBBoxColorProperty: ObjectProperty [value: 0xff0000ff]
09:40:27.561 [FXGL Background Thread 3 ] DEBUG Engine               - devEnableDebugCameraProperty: BooleanProperty [value: false]
09:40:27.561 [FXGL Background Thread 3 ] DEBUG Engine               - devSensorColorProperty: ObjectProperty [value: 0xffff00ff]
09:40:27.562 [FXGL Background Thread 3 ] DEBUG Engine               - devShowBBoxProperty: BooleanProperty [value: false]
09:40:27.562 [FXGL Background Thread 3 ] DEBUG Engine               - devShowPositionProperty: BooleanProperty [value: false]
09:40:27.562 [FXGL Background Thread 3 ] DEBUG Engine               - enabledMenuItems: []
09:40:27.562 [FXGL Background Thread 3 ] DEBUG Engine               - engineServices: [class com.almasb.fxgl.app.services.FXGLAssetLoaderService, class com.almasb.fxgl.app.FXGLApplication$GameApplicationService, class com.almasb.fxgl.app.services.FXGLDialogService, class com.almasb.fxgl.app.services.IOTaskExecutorService, class com.almasb.fxgl.io.FileSystemService, class com.almasb.fxgl.localization.LocalizationService, class com.almasb.fxgl.app.services.SystemBundleService, class com.almasb.fxgl.profile.SaveLoadService, class com.almasb.fxgl.ui.FXGLUIFactoryServiceProvider, class com.almasb.fxgl.ui.FXGLDialogFactoryServiceProvider, class com.almasb.fxgl.audio.AudioPlayer, class com.almasb.fxgl.notification.impl.NotificationServiceProvider, class com.almasb.fxgl.achievement.AchievementService, class com.almasb.fxgl.cutscene.CutsceneService, class com.almasb.fxgl.minigames.MiniGameService, class com.almasb.fxgl.net.NetService, class com.almasb.fxgl.app.services.UpdaterService, class com.almasb.fxgl.dev.DevService]
09:40:27.562 [FXGL Background Thread 3 ] DEBUG Engine               - fontGame: Abel-Regular.ttf
09:40:27.562 [FXGL Background Thread 3 ] DEBUG Engine               - fontMono: lucida_console.ttf
09:40:27.562 [FXGL Background Thread 3 ] DEBUG Engine               - fontText: Courier-Prime.ttf
09:40:27.562 [FXGL Background Thread 3 ] DEBUG Engine               - fontUI: game_font.ttf
09:40:27.562 [FXGL Background Thread 3 ] DEBUG Engine               - fullScreen: BooleanProperty [value: true]
09:40:27.562 [FXGL Background Thread 3 ] DEBUG Engine               - gameDifficulty: MEDIUM
09:40:27.562 [FXGL Background Thread 3 ] DEBUG Engine               - gameDifficultyProperty: ObjectProperty [value: MEDIUM]
09:40:27.562 [FXGL Background Thread 3 ] DEBUG Engine               - globalMusicVolume: 0.5
09:40:27.563 [FXGL Background Thread 3 ] DEBUG Engine               - globalMusicVolumeProperty: DoubleProperty [value: 0.5]
09:40:27.563 [FXGL Background Thread 3 ] DEBUG Engine               - globalSoundVolume: 0.5
09:40:27.563 [FXGL Background Thread 3 ] DEBUG Engine               - globalSoundVolumeProperty: DoubleProperty [value: 0.5]
09:40:27.563 [FXGL Background Thread 3 ] DEBUG Engine               - height: 720
09:40:27.563 [FXGL Background Thread 3 ] DEBUG Engine               - is3D: false
09:40:27.563 [FXGL Background Thread 3 ] DEBUG Engine               - isAndroid: false
09:40:27.563 [FXGL Background Thread 3 ] DEBUG Engine               - isBrowser: false
09:40:27.563 [FXGL Background Thread 3 ] DEBUG Engine               - isClickFeedbackEnabled: false
09:40:27.563 [FXGL Background Thread 3 ] DEBUG Engine               - isCloseConfirmation: false
09:40:27.563 [FXGL Background Thread 3 ] DEBUG Engine               - isDesktop: true
09:40:27.563 [FXGL Background Thread 3 ] DEBUG Engine               - isDeveloperMenuEnabled: false
09:40:27.563 [FXGL Background Thread 3 ] DEBUG Engine               - isEntityPreloadEnabled: true
09:40:27.563 [FXGL Background Thread 3 ] DEBUG Engine               - isExperimentalTiledLargeMap: false
09:40:27.563 [FXGL Background Thread 3 ] DEBUG Engine               - isFileSystemWriteAllowed: true
09:40:27.563 [FXGL Background Thread 3 ] DEBUG Engine               - isFullScreenAllowed: true
09:40:27.563 [FXGL Background Thread 3 ] DEBUG Engine               - isFullScreenFromStart: true
09:40:27.564 [FXGL Background Thread 3 ] DEBUG Engine               - isGameMenuEnabled: true
09:40:27.564 [FXGL Background Thread 3 ] DEBUG Engine               - isIOS: false
09:40:27.564 [FXGL Background Thread 3 ] DEBUG Engine               - isIntroEnabled: false
09:40:27.564 [FXGL Background Thread 3 ] DEBUG Engine               - isLinux: false
09:40:27.564 [FXGL Background Thread 3 ] DEBUG Engine               - isMac: false
09:40:27.564 [FXGL Background Thread 3 ] DEBUG Engine               - isMainMenuEnabled: true
09:40:27.564 [FXGL Background Thread 3 ] DEBUG Engine               - isManualResizeEnabled: false
09:40:27.564 [FXGL Background Thread 3 ] DEBUG Engine               - isMobile: false
09:40:27.564 [FXGL Background Thread 3 ] DEBUG Engine               - isNative: false
09:40:27.564 [FXGL Background Thread 3 ] DEBUG Engine               - isPauseMusicWhenMinimized: true
09:40:27.564 [FXGL Background Thread 3 ] DEBUG Engine               - isPreserveResizeRatio: false
09:40:27.564 [FXGL Background Thread 3 ] DEBUG Engine               - isProfilingEnabled: false
09:40:27.564 [FXGL Background Thread 3 ] DEBUG Engine               - isScaleAffectedOnResize: true
09:40:27.564 [FXGL Background Thread 3 ] DEBUG Engine               - isSingleStep: false
09:40:27.564 [FXGL Background Thread 3 ] DEBUG Engine               - isUserProfileEnabled: false
09:40:27.564 [FXGL Background Thread 3 ] DEBUG Engine               - isWindows: true
09:40:27.564 [FXGL Background Thread 3 ] DEBUG Engine               - language: ObjectProperty [value: ENGLISH]
09:40:27.564 [FXGL Background Thread 3 ] DEBUG Engine               - menuKey: ESCAPE
09:40:27.564 [FXGL Background Thread 3 ] DEBUG Engine               - mouseSensitivity: 0.2
09:40:27.564 [FXGL Background Thread 3 ] DEBUG Engine               - notificationViewClass: class com.almasb.fxgl.notification.view.XboxNotificationView
09:40:27.564 [FXGL Background Thread 3 ] DEBUG Engine               - pixelsPerMeter: 50.0
09:40:27.565 [FXGL Background Thread 3 ] DEBUG Engine               - platform: WINDOWS
09:40:27.565 [FXGL Background Thread 3 ] DEBUG Engine               - prefHeightProperty: ReadOnlyDoubleProperty [value: 720.0]
09:40:27.565 [FXGL Background Thread 3 ] DEBUG Engine               - prefWidthProperty: ReadOnlyDoubleProperty [value: 1280.0]
09:40:27.565 [FXGL Background Thread 3 ] DEBUG Engine               - profileDir: profiles/
09:40:27.565 [FXGL Background Thread 3 ] DEBUG Engine               - profileName: StringProperty [value: DEFAULT]
09:40:27.565 [FXGL Background Thread 3 ] DEBUG Engine               - randomSeed: -1
09:40:27.565 [FXGL Background Thread 3 ] DEBUG Engine               - runtimeInfo: RuntimeInfo(platform=WINDOWS, version=11.17, build=16.07.2021 15.46)
09:40:27.565 [FXGL Background Thread 3 ] DEBUG Engine               - saveFileExt: sav
09:40:27.565 [FXGL Background Thread 3 ] DEBUG Engine               - scaledHeightProp$fxgl: DoubleProperty [bound, value: 864.0]
09:40:27.565 [FXGL Background Thread 3 ] DEBUG Engine               - scaledWidthProp$fxgl: DoubleProperty [bound, value: 1536.0]
09:40:27.565 [FXGL Background Thread 3 ] DEBUG Engine               - sceneFactory: Bomberman.Game$1@5a1f6fe8
09:40:27.565 [FXGL Background Thread 3 ] DEBUG Engine               - secondsIn24h: 60
09:40:27.565 [FXGL Background Thread 3 ] DEBUG Engine               - soundMenuBack: menu/back.wav
09:40:27.565 [FXGL Background Thread 3 ] DEBUG Engine               - soundMenuPress: menu/press.wav
09:40:27.565 [FXGL Background Thread 3 ] DEBUG Engine               - soundMenuSelect: menu/select.wav
09:40:27.565 [FXGL Background Thread 3 ] DEBUG Engine               - soundNotification: core/notification.wav
09:40:27.565 [FXGL Background Thread 3 ] DEBUG Engine               - stageStyle: DECORATED
09:40:27.565 [FXGL Background Thread 3 ] DEBUG Engine               - supportedLanguages: [ENGLISH, FRENCH, GERMAN, HUNGARIAN, RUSSIAN]
09:40:27.565 [FXGL Background Thread 3 ] DEBUG Engine               - ticksPerSecond: -1
09:40:27.567 [FXGL Background Thread 3 ] DEBUG Engine               - title: BOMBER
 MAN
09:40:27.567 [FXGL Background Thread 3 ] DEBUG Engine               - urlGithub: https://github.com/AlmasB/FXGL
09:40:27.567 [FXGL Background Thread 3 ] DEBUG Engine               - urlLeaderboard: http://fxgl-top.herokuapp.com/
09:40:27.567 [FXGL Background Thread 3 ] DEBUG Engine               - urlPOM: https://raw.githubusercontent.com/AlmasB/FXGL/release/README.md
09:40:27.567 [FXGL Background Thread 3 ] DEBUG Engine               - userAppClass: class Bomberman.Game
09:40:27.567 [FXGL Background Thread 3 ] DEBUG Engine               - version: Pro
09:40:27.567 [FXGL Background Thread 3 ] DEBUG Engine               - versionCheckDays: 7
09:40:27.567 [FXGL Background Thread 3 ] DEBUG Engine               - width: 1280
09:40:27.568 [FXGL Background Thread 3 ] DEBUG Engine               - Logging services
09:40:27.568 [FXGL Background Thread 3 ] DEBUG Engine               - class com.almasb.fxgl.app.services.FXGLAssetLoaderService
09:40:27.568 [FXGL Background Thread 3 ] DEBUG Engine               - class com.almasb.fxgl.app.FXGLApplication$GameApplicationService
09:40:27.568 [FXGL Background Thread 3 ] DEBUG Engine               - class com.almasb.fxgl.app.services.FXGLDialogService
09:40:27.568 [FXGL Background Thread 3 ] DEBUG Engine               - class com.almasb.fxgl.app.services.IOTaskExecutorService
09:40:27.568 [FXGL Background Thread 3 ] DEBUG Engine               - class com.almasb.fxgl.io.FileSystemService
09:40:27.568 [FXGL Background Thread 3 ] DEBUG Engine               - class com.almasb.fxgl.localization.LocalizationService
09:40:27.568 [FXGL Background Thread 3 ] DEBUG Engine               - class com.almasb.fxgl.app.services.SystemBundleService
09:40:27.568 [FXGL Background Thread 3 ] DEBUG Engine               - class com.almasb.fxgl.profile.SaveLoadService
09:40:27.568 [FXGL Background Thread 3 ] DEBUG Engine               - class com.almasb.fxgl.ui.FXGLUIFactoryServiceProvider
09:40:27.569 [FXGL Background Thread 3 ] DEBUG Engine               - class com.almasb.fxgl.ui.FXGLDialogFactoryServiceProvider
09:40:27.569 [FXGL Background Thread 3 ] DEBUG Engine               - class com.almasb.fxgl.audio.AudioPlayer
09:40:27.569 [FXGL Background Thread 3 ] DEBUG Engine               - class com.almasb.fxgl.notification.impl.NotificationServiceProvider
09:40:27.569 [FXGL Background Thread 3 ] DEBUG Engine               - class com.almasb.fxgl.achievement.AchievementService
09:40:27.569 [FXGL Background Thread 3 ] DEBUG Engine               - class com.almasb.fxgl.cutscene.CutsceneService
09:40:27.569 [FXGL Background Thread 3 ] DEBUG Engine               - class com.almasb.fxgl.minigames.MiniGameService
09:40:27.569 [FXGL Background Thread 3 ] DEBUG Engine               - class com.almasb.fxgl.net.NetService
09:40:27.569 [FXGL Background Thread 3 ] DEBUG Engine               - class com.almasb.fxgl.app.services.UpdaterService
09:40:27.569 [FXGL Background Thread 3 ] DEBUG Engine               - class com.almasb.fxgl.dev.DevService
09:40:28.760 [JavaFX Application Thread] DEBUG FXGLApplication      - Exiting FXGL
09:40:28.760 [JavaFX Application Thread] DEBUG Async                - Shutting down background threads
09:40:28.760 [JavaFX Application Thread] DEBUG PrimaryStageWindow   - Closing main window
09:40:28.785 [JavaFX Application Thread] DEBUG Logger               - Closing Logger
