09:35:33.502 [main                     ] DEBUG Logger               - Configured Logger
09:35:33.510 [main                     ] DEBUG GameApplication      - Logging settings
Title: BOMBER
 MAN
Version: Pro
Width: 1280
Height: 720
Fullscreen: true
Intro: false
Profiling: false
Single step:false
App Mode: DEVELOPER
Menu Key: ESCAPE
Stage Style: DECORATED
Scene Factory: class Bomberman.Game$1

09:35:33.947 [JavaFX Application Thread] DEBUG FXGLApplication      - Initializing FXGL
09:35:33.949 [JavaFX Application Thread] INFO  Engine               - FXGL-11.17 (16.07.2021 15.46) on WINDOWS (J:18.0.2.1 FX:19)
09:35:33.949 [JavaFX Application Thread] DEBUG Engine               - JRE Vendor Name: Oracle Corporation
09:35:33.949 [JavaFX Application Thread] DEBUG Engine               - Running on OS: Windows 11 version 10.0
09:35:33.949 [JavaFX Application Thread] DEBUG Engine               - Architecture: amd64
09:35:33.949 [JavaFX Application Thread] INFO  Engine               - Source code and latest versions at: https://github.com/AlmasB/FXGL
09:35:33.950 [JavaFX Application Thread] INFO  Engine               -              Join the FXGL chat at: https://gitter.im/AlmasB/FXGL
09:35:34.066 [JavaFX Application Thread] DEBUG PrimaryStageWindow   - Creating a JavaFX scene
09:35:34.110 [JavaFX Application Thread] DEBUG PrimaryStageWindow   - Target settings size: 1280.0 x 720.0
09:35:34.110 [JavaFX Application Thread] DEBUG PrimaryStageWindow   - Scaled scene size:    1280.0 x 720.0
09:35:34.110 [JavaFX Application Thread] DEBUG PrimaryStageWindow   - Scaled ratio: (1.0, 1.0)
09:35:34.111 [JavaFX Application Thread] DEBUG PrimaryStageWindow   - Set initial scene to FXGLStartupScene
09:35:34.115 [JavaFX Application Thread] DEBUG PrimaryStageWindow   - Opening main window
09:35:34.189 [JavaFX Application Thread] DEBUG PrimaryStageWindow   - Window border size: (14.4000244140625, 37.5999755859375)
09:35:34.189 [JavaFX Application Thread] DEBUG PrimaryStageWindow   - Scaled size: 1280.0 x 720.0
09:35:34.189 [JavaFX Application Thread] DEBUG PrimaryStageWindow   - Scaled ratio: (1.0, 1.0)
09:35:34.189 [JavaFX Application Thread] DEBUG PrimaryStageWindow   - Scene size: 1280.0 x 720.0
09:35:34.189 [JavaFX Application Thread] DEBUG PrimaryStageWindow   - Stage size: 1294.4000244140625 x 757.5999755859375
09:35:34.253 [JavaFX Application Thread] DEBUG PrimaryStageWindow   - Going fullscreen
09:35:34.268 [FXGL Background Thread 1 ] DEBUG Engine               - Initializing environment variables
09:35:34.332 [FXGL Background Thread 1 ] DEBUG FXGLAssetLoaderServi - User app class for loading assets: class Bomberman.Game
09:35:34.333 [FXGL Background Thread 1 ] DEBUG GameApplicationServi - Applying CSS: fxgl_dark.css
09:35:34.333 [FXGL Background Thread 1 ] DEBUG FXGLAssetLoaderServi - Loading from file system: jar:file:/C:/Users/Cao%20Xuan%20Dung/.m2/repository/com/github/almasb/fxgl/11.17/fxgl-11.17.jar!/fxglassets/ui/css/fxgl_dark.css
09:35:34.370 [FXGL Background Thread 1 ] DEBUG GameApplicationServi - Initializing application scenes
09:35:34.407 [FXGL Background Thread 1 ] DEBUG GameWorld            - Game world initialized
09:35:34.459 [FXGL Background Thread 1 ] DEBUG PhysicsWorld         - Physics world initialized: appHeight=720, physics.ppm=50.0
09:35:34.459 [FXGL Background Thread 1 ] DEBUG PhysicsWorld         - Using strategy: BRUTE_FORCE
09:35:34.463 [FXGL Background Thread 1 ] DEBUG GameScene            - Game scene initialized: 1280x720
09:35:34.587 [FXGL Background Thread 1 ] DEBUG GameApplicationServi - Application scenes initialized
09:35:34.599 [FXGL Background Thread 1 ] DEBUG SystemBundleService  - Loading FXGL system data
09:35:34.605 [FXGL Background Thread 1 ] DEBUG FileSystemAccess     - Reading from: C:\Users\Cao Xuan Dung\OneDrive - vnu.edu.vn\Documents\GitHub\bomberman-uet\system\fxgl.bundle
09:35:34.621 [FXGL Background Thread 1 ] DEBUG SystemBundleService  - Bundle FXGL: {}
09:35:34.622 [FXGL Background Thread 1 ] DEBUG UpdaterService       - Checking for updates
09:35:34.628 [FXGL Background Thread 4 ] DEBUG FXGLApplication      - Loading fonts
09:35:34.629 [FXGL Background Thread 4 ] DEBUG FXGLAssetLoaderServi - Loading from file system: file:/C:/Users/Cao%20Xuan%20Dung/OneDrive%20-%20vnu.edu.vn/Documents/GitHub/bomberman-uet/target/classes/assets/ui/fonts/game_font.ttf
09:35:34.629 [FXGL Background Thread 1 ] DEBUG FXGLApplication      - Loading default localization
09:35:34.629 [FXGL Background Thread 1 ] DEBUG FXGLAssetLoaderServi - Loading from file system: jar:file:/C:/Users/Cao%20Xuan%20Dung/.m2/repository/com/github/almasb/fxgl/11.17/fxgl-11.17.jar!/fxglassets/languages/english.lang
09:35:34.649 [FXGL Background Thread 1 ] INFO  FXGLApplication      - FXGL initialization took: 0.382 sec
09:35:34.652 [JavaFX Application Thread] DEBUG FXGLAssetLoaderServi - Loading from file system: file:/C:/Users/Cao%20Xuan%20Dung/OneDrive%20-%20vnu.edu.vn/Documents/GitHub/bomberman-uet/target/classes/assets/music/1-01.%20Title.mp3
09:35:34.753 [FXGL Background Thread 4 ] DEBUG FXGLAssetLoaderServi - Loading from file system: jar:file:/C:/Users/Cao%20Xuan%20Dung/.m2/repository/com/github/almasb/fxgl/11.17/fxgl-11.17.jar!/fxglassets/ui/fonts/Abel-Regular.ttf
09:35:34.760 [FXGL Background Thread 4 ] DEBUG FXGLAssetLoaderServi - Loading from file system: jar:file:/C:/Users/Cao%20Xuan%20Dung/.m2/repository/com/github/almasb/fxgl/11.17/fxgl-11.17.jar!/fxglassets/ui/fonts/lucida_console.ttf
09:35:34.767 [FXGL Background Thread 4 ] DEBUG FXGLAssetLoaderServi - Loading from file system: jar:file:/C:/Users/Cao%20Xuan%20Dung/.m2/repository/com/github/almasb/fxgl/11.17/fxgl-11.17.jar!/fxglassets/ui/fonts/Courier-Prime.ttf
09:35:34.811 [JavaFX Application Thread] DEBUG AudioPlayer          - Playing music com.almasb.fxgl.audio.Music@101553f6
09:35:34.812 [JavaFX Application Thread] DEBUG FXGLAssetLoaderServi - Loading from file system: jar:file:/C:/Users/Cao%20Xuan%20Dung/.m2/repository/com/github/almasb/fxgl/11.17/fxgl-11.17.jar!/fxglassets/textures/fxgl_icon.png
09:35:34.864 [JavaFX Application Thread] DEBUG FXGLAssetLoaderServi - Loading from file system: jar:file:/C:/Users/Cao%20Xuan%20Dung/.m2/repository/com/github/almasb/fxgl/11.17/fxgl-11.17.jar!/fxglassets/textures/fxgl_default_cursor.png
09:35:34.876 [JavaFX Application Thread] DEBUG Input                - Registered new binding: Screenshot - CTRL+8
09:35:34.876 [JavaFX Application Thread] DEBUG Input                - Registered new binding: System info dump - CTRL+9
09:35:34.877 [JavaFX Application Thread] DEBUG Input                - Registered new binding: Restart - CTRL+R
09:35:34.877 [JavaFX Application Thread] DEBUG Input                - Registered new binding: Toggle Debug Camera - CTRL+C
09:35:34.879 [JavaFX Application Thread] DEBUG LoopRunner           - Starting loop
09:35:34.879 [JavaFX Application Thread] DEBUG LoopRunner           - Initializing JavaFX AnimationTimerLoop
09:35:34.885 [JavaFX Application Thread] DEBUG Input                - Clearing active input actions
09:35:34.890 [JavaFX Application Thread] DEBUG GameApplicationServi - Removing overlay from FXGLStartupScene and adding to FXGLMainMenuDummyScene
09:35:34.891 [JavaFX Application Thread] DEBUG PrimaryStageWindow   - FXGLStartupScene -> FXGLMainMenuDummyScene
09:35:34.891 [JavaFX Application Thread] DEBUG PrimaryStageWindow   - Push state: MainMenu
09:35:34.891 [JavaFX Application Thread] DEBUG Input                - Clearing active input actions
09:35:34.895 [JavaFX Application Thread] DEBUG GameApplicationServi - Removing overlay from FXGLMainMenuDummyScene and adding to MainMenu
09:35:34.896 [JavaFX Application Thread] DEBUG PrimaryStageWindow   - FXGLMainMenuDummyScene -> MainMenu
09:35:34.899 [JavaFX Application Thread] DEBUG FXGLApplication      - Registering font factories with UI factory
09:35:35.576 [FXGL Background Thread 2 ] INFO  UpdaterService       - Your current version:  11.17
09:35:35.576 [FXGL Background Thread 2 ] INFO  UpdaterService       - Latest stable version: 17.2
09:35:35.905 [JavaFX Application Thread] DEBUG Menu                 - fireExit()
09:35:35.917 [JavaFX Application Thread] DEBUG PrimaryStageWindow   - Push state: DialogSubScene
09:35:35.917 [JavaFX Application Thread] DEBUG Input                - Clearing active input actions
09:35:35.921 [JavaFX Application Thread] DEBUG GameApplicationServi - Removing overlay from MainMenu and adding to DialogSubScene
09:35:35.922 [JavaFX Application Thread] DEBUG PrimaryStageWindow   - MainMenu -> DialogSubScene
09:35:36.496 [JavaFX Application Thread] DEBUG PrimaryStageWindow   - Pop state: DialogSubScene
09:35:36.496 [JavaFX Application Thread] DEBUG Input                - Clearing active input actions
09:35:36.496 [JavaFX Application Thread] DEBUG GameApplicationServi - Removing overlay from DialogSubScene and adding to MainMenu
09:35:36.496 [JavaFX Application Thread] DEBUG PrimaryStageWindow   - MainMenu <- DialogSubScene
09:35:36.496 [JavaFX Application Thread] DEBUG FXGLApplication      - Exiting FXGL
09:35:36.496 [JavaFX Application Thread] DEBUG LoopRunner           - Stopping loop
09:35:36.496 [JavaFX Application Thread] DEBUG SystemBundleService  - Saving FXGL system data
09:35:36.500 [JavaFX Application Thread] DEBUG FileSystemAccess     - Writing to: C:\Users\Cao Xuan Dung\OneDrive - vnu.edu.vn\Documents\GitHub\bomberman-uet\system\fxgl.bundle
09:35:36.502 [JavaFX Application Thread] DEBUG Async                - Shutting down background threads
09:35:36.502 [JavaFX Application Thread] DEBUG PrimaryStageWindow   - Closing main window
09:35:36.519 [JavaFX Application Thread] DEBUG Logger               - Closing Logger
