08:45:15.220 [main                     ] DEBUG Logger               - Configured Logger
08:45:15.225 [main                     ] DEBUG GameApplication      - Logging settings
Title: BOMBER
 MAN
Version: Pro
Width: 1280
Height: 720
Fullscreen: true
Intro: false
Profiling: false
Single step:false
App Mode: DEVELOPER
Menu Key: ESCAPE
Stage Style: DECORATED
Scene Factory: class Bomberman.GameApp$1

08:45:15.751 [JavaFX Application Thread] DEBUG FXGLApplication      - Initializing FXGL
08:45:15.753 [JavaFX Application Thread] INFO  Engine               - FXGL-11.17 (16.07.2021 15.46) on WINDOWS (J:18.0.2.1 FX:16)
08:45:15.753 [JavaFX Application Thread] DEBUG Engine               - JRE Vendor Name: Oracle Corporation
08:45:15.753 [JavaFX Application Thread] DEBUG Engine               - Running on OS: Windows 11 version 10.0
08:45:15.753 [JavaFX Application Thread] DEBUG Engine               - Architecture: amd64
08:45:15.753 [JavaFX Application Thread] INFO  Engine               - Source code and latest versions at: https://github.com/AlmasB/FXGL
08:45:15.753 [JavaFX Application Thread] INFO  Engine               -              Join the FXGL chat at: https://gitter.im/AlmasB/FXGL
08:45:15.865 [JavaFX Application Thread] DEBUG PrimaryStageWindow   - Creating a JavaFX scene
08:45:15.908 [JavaFX Application Thread] DEBUG PrimaryStageWindow   - Target settings size: 1280.0 x 720.0
08:45:15.908 [JavaFX Application Thread] DEBUG PrimaryStageWindow   - Scaled scene size:    1280.0 x 720.0
08:45:15.908 [JavaFX Application Thread] DEBUG PrimaryStageWindow   - Scaled ratio: (1.0, 1.0)
08:45:15.909 [JavaFX Application Thread] DEBUG PrimaryStageWindow   - Set initial scene to FXGLStartupScene
08:45:15.916 [JavaFX Application Thread] DEBUG PrimaryStageWindow   - Opening main window
08:45:16.017 [JavaFX Application Thread] DEBUG PrimaryStageWindow   - Window border size: (14.4000244140625, 37.5999755859375)
08:45:16.017 [JavaFX Application Thread] DEBUG PrimaryStageWindow   - Scaled size: 1280.0 x 720.0
08:45:16.017 [JavaFX Application Thread] DEBUG PrimaryStageWindow   - Scaled ratio: (1.0, 1.0)
08:45:16.017 [JavaFX Application Thread] DEBUG PrimaryStageWindow   - Scene size: 1280.0 x 720.0
08:45:16.017 [JavaFX Application Thread] DEBUG PrimaryStageWindow   - Stage size: 1294.4000244140625 x 757.5999755859375
08:45:16.082 [JavaFX Application Thread] DEBUG PrimaryStageWindow   - Going fullscreen
08:45:16.094 [FXGL Background Thread 1 ] DEBUG Engine               - Initializing environment variables
08:45:16.162 [FXGL Background Thread 1 ] DEBUG FXGLAssetLoaderServi - User app class for loading assets: class Bomberman.GameApp
08:45:16.162 [FXGL Background Thread 1 ] DEBUG GameApplicationServi - Applying CSS: fxgl_dark.css
08:45:16.162 [FXGL Background Thread 1 ] DEBUG FXGLAssetLoaderServi - Loading from file system: jar:file:/C:/Users/Cao%20Xuan%20Dung/.m2/repository/com/github/almasb/fxgl/11.17/fxgl-11.17.jar!/fxglassets/ui/css/fxgl_dark.css
08:45:16.199 [FXGL Background Thread 1 ] DEBUG GameApplicationServi - Initializing application scenes
08:45:16.243 [FXGL Background Thread 1 ] DEBUG GameWorld            - Game world initialized
08:45:16.310 [FXGL Background Thread 1 ] DEBUG PhysicsWorld         - Physics world initialized: appHeight=720, physics.ppm=50.0
08:45:16.311 [FXGL Background Thread 1 ] DEBUG PhysicsWorld         - Using strategy: BRUTE_FORCE
08:45:16.314 [FXGL Background Thread 1 ] DEBUG GameScene            - Game scene initialized: 1280x720
08:45:16.403 [FXGL Background Thread 1 ] DEBUG GameApplicationServi - Application scenes initialized
08:45:16.413 [FXGL Background Thread 1 ] DEBUG SystemBundleService  - Loading FXGL system data
08:45:16.420 [FXGL Background Thread 1 ] DEBUG FileSystemAccess     - Reading from: C:\Users\Cao Xuan Dung\OneDrive - vnu.edu.vn\Documents\GitHub\BombermanTest\system\fxgl.bundle
08:45:16.435 [FXGL Background Thread 1 ] DEBUG SystemBundleService  - Bundle FXGL: {}
08:45:16.435 [FXGL Background Thread 1 ] DEBUG UpdaterService       - Checking for updates
08:45:16.441 [FXGL Background Thread 4 ] DEBUG FXGLApplication      - Loading fonts
08:45:16.441 [FXGL Background Thread 4 ] DEBUG FXGLAssetLoaderServi - Loading from file system: file:/C:/Users/Cao%20Xuan%20Dung/OneDrive%20-%20vnu.edu.vn/Documents/GitHub/BombermanTest/target/classes/assets/ui/fonts/game_font.ttf
08:45:16.441 [FXGL Background Thread 1 ] DEBUG FXGLApplication      - Loading default localization
08:45:16.441 [FXGL Background Thread 1 ] DEBUG FXGLAssetLoaderServi - Loading from file system: jar:file:/C:/Users/Cao%20Xuan%20Dung/.m2/repository/com/github/almasb/fxgl/11.17/fxgl-11.17.jar!/fxglassets/languages/english.lang
08:45:16.460 [FXGL Background Thread 1 ] INFO  FXGLApplication      - FXGL initialization took: 0.367 sec
08:45:16.464 [JavaFX Application Thread] DEBUG FXGLAssetLoaderServi - Loading from file system: file:/C:/Users/Cao%20Xuan%20Dung/OneDrive%20-%20vnu.edu.vn/Documents/GitHub/BombermanTest/target/classes/assets/music/1-01.%20Title.mp3
08:45:16.526 [FXGL Background Thread 4 ] DEBUG FXGLAssetLoaderServi - Loading from file system: jar:file:/C:/Users/Cao%20Xuan%20Dung/.m2/repository/com/github/almasb/fxgl/11.17/fxgl-11.17.jar!/fxglassets/ui/fonts/Abel-Regular.ttf
08:45:16.530 [FXGL Background Thread 4 ] DEBUG FXGLAssetLoaderServi - Loading from file system: jar:file:/C:/Users/Cao%20Xuan%20Dung/.m2/repository/com/github/almasb/fxgl/11.17/fxgl-11.17.jar!/fxglassets/ui/fonts/lucida_console.ttf
08:45:16.537 [FXGL Background Thread 4 ] DEBUG FXGLAssetLoaderServi - Loading from file system: jar:file:/C:/Users/Cao%20Xuan%20Dung/.m2/repository/com/github/almasb/fxgl/11.17/fxgl-11.17.jar!/fxglassets/ui/fonts/Courier-Prime.ttf
08:45:16.646 [JavaFX Application Thread] DEBUG AudioPlayer          - Playing music com.almasb.fxgl.audio.Music@106b1f36
08:45:16.647 [JavaFX Application Thread] DEBUG FXGLAssetLoaderServi - Loading from file system: jar:file:/C:/Users/Cao%20Xuan%20Dung/.m2/repository/com/github/almasb/fxgl/11.17/fxgl-11.17.jar!/fxglassets/textures/fxgl_icon.png
08:45:16.689 [JavaFX Application Thread] DEBUG FXGLAssetLoaderServi - Loading from file system: jar:file:/C:/Users/Cao%20Xuan%20Dung/.m2/repository/com/github/almasb/fxgl/11.17/fxgl-11.17.jar!/fxglassets/textures/fxgl_default_cursor.png
08:45:16.702 [JavaFX Application Thread] DEBUG Input                - Registered new binding: Screenshot - CTRL+8
08:45:16.702 [JavaFX Application Thread] DEBUG Input                - Registered new binding: System info dump - CTRL+9
08:45:16.703 [JavaFX Application Thread] DEBUG Input                - Registered new binding: Restart - CTRL+R
08:45:16.703 [JavaFX Application Thread] DEBUG Input                - Registered new binding: Toggle Debug Camera - CTRL+C
08:45:16.706 [JavaFX Application Thread] DEBUG LoopRunner           - Starting loop
08:45:16.706 [JavaFX Application Thread] DEBUG LoopRunner           - Initializing JavaFX AnimationTimerLoop
08:45:16.709 [JavaFX Application Thread] DEBUG Input                - Clearing active input actions
08:45:16.717 [JavaFX Application Thread] DEBUG GameApplicationServi - Removing overlay from FXGLStartupScene and adding to FXGLMainMenuDummyScene
08:45:16.717 [JavaFX Application Thread] DEBUG PrimaryStageWindow   - FXGLStartupScene -> FXGLMainMenuDummyScene
08:45:16.717 [JavaFX Application Thread] DEBUG PrimaryStageWindow   - Push state: MainMenu
08:45:16.717 [JavaFX Application Thread] DEBUG Input                - Clearing active input actions
08:45:16.722 [JavaFX Application Thread] DEBUG GameApplicationServi - Removing overlay from FXGLMainMenuDummyScene and adding to MainMenu
08:45:16.727 [JavaFX Application Thread] DEBUG PrimaryStageWindow   - FXGLMainMenuDummyScene -> MainMenu
08:45:16.740 [JavaFX Application Thread] DEBUG FXGLApplication      - Registering font factories with UI factory
08:45:17.372 [FXGL Background Thread 2 ] INFO  UpdaterService       - Your current version:  11.17
08:45:17.372 [FXGL Background Thread 2 ] INFO  UpdaterService       - Latest stable version: 17.2
08:45:19.440 [FXGL Background Thread 3 ] DEBUG Engine               - Logging environment variables
08:45:19.440 [FXGL Background Thread 3 ] DEBUG Engine               - achievements: []
08:45:19.440 [FXGL Background Thread 3 ] DEBUG Engine               - actualHeight: 864.0
08:45:19.441 [FXGL Background Thread 3 ] DEBUG Engine               - actualHeightProperty: ReadOnlyDoubleProperty [value: 864.0]
08:45:19.441 [FXGL Background Thread 3 ] DEBUG Engine               - actualWidth: 1536.0
08:45:19.441 [FXGL Background Thread 3 ] DEBUG Engine               - actualWidthProperty: ReadOnlyDoubleProperty [value: 1536.0]
08:45:19.441 [FXGL Background Thread 3 ] DEBUG Engine               - appIcon: fxgl_icon.png
08:45:19.441 [FXGL Background Thread 3 ] DEBUG Engine               - applicationMode: DEVELOPER
08:45:19.441 [FXGL Background Thread 3 ] DEBUG Engine               - cSSList: [fxgl_dark.css]
08:45:19.441 [FXGL Background Thread 3 ] DEBUG Engine               - collisionDetectionStrategy: BRUTE_FORCE
08:45:19.441 [FXGL Background Thread 3 ] DEBUG Engine               - configClass: Optional.empty
08:45:19.441 [FXGL Background Thread 3 ] DEBUG Engine               - credits: []
08:45:19.442 [FXGL Background Thread 3 ] DEBUG Engine               - defaultCursor: CursorInfo(imageName=fxgl_default_cursor.png, hotspotX=7.0, hotspotY=6.0)
08:45:19.442 [FXGL Background Thread 3 ] DEBUG Engine               - devBBoxColorProperty: ObjectProperty [value: 0xff0000ff]
08:45:19.442 [FXGL Background Thread 3 ] DEBUG Engine               - devEnableDebugCameraProperty: BooleanProperty [value: false]
08:45:19.442 [FXGL Background Thread 3 ] DEBUG Engine               - devSensorColorProperty: ObjectProperty [value: 0xffff00ff]
08:45:19.442 [FXGL Background Thread 3 ] DEBUG Engine               - devShowBBoxProperty: BooleanProperty [value: false]
08:45:19.442 [FXGL Background Thread 3 ] DEBUG Engine               - devShowPositionProperty: BooleanProperty [value: false]
08:45:19.442 [FXGL Background Thread 3 ] DEBUG Engine               - enabledMenuItems: []
08:45:19.442 [FXGL Background Thread 3 ] DEBUG Engine               - engineServices: [class com.almasb.fxgl.app.services.FXGLAssetLoaderService, class com.almasb.fxgl.app.FXGLApplication$GameApplicationService, class com.almasb.fxgl.app.services.FXGLDialogService, class com.almasb.fxgl.app.services.IOTaskExecutorService, class com.almasb.fxgl.io.FileSystemService, class com.almasb.fxgl.localization.LocalizationService, class com.almasb.fxgl.app.services.SystemBundleService, class com.almasb.fxgl.profile.SaveLoadService, class com.almasb.fxgl.ui.FXGLUIFactoryServiceProvider, class com.almasb.fxgl.ui.FXGLDialogFactoryServiceProvider, class com.almasb.fxgl.audio.AudioPlayer, class com.almasb.fxgl.notification.impl.NotificationServiceProvider, class com.almasb.fxgl.achievement.AchievementService, class com.almasb.fxgl.cutscene.CutsceneService, class com.almasb.fxgl.minigames.MiniGameService, class com.almasb.fxgl.net.NetService, class com.almasb.fxgl.app.services.UpdaterService, class com.almasb.fxgl.dev.DevService]
08:45:19.443 [FXGL Background Thread 3 ] DEBUG Engine               - fontGame: Abel-Regular.ttf
08:45:19.443 [FXGL Background Thread 3 ] DEBUG Engine               - fontMono: lucida_console.ttf
08:45:19.443 [FXGL Background Thread 3 ] DEBUG Engine               - fontText: Courier-Prime.ttf
08:45:19.443 [FXGL Background Thread 3 ] DEBUG Engine               - fontUI: game_font.ttf
08:45:19.443 [FXGL Background Thread 3 ] DEBUG Engine               - fullScreen: BooleanProperty [value: true]
08:45:19.443 [FXGL Background Thread 3 ] DEBUG Engine               - gameDifficulty: MEDIUM
08:45:19.443 [FXGL Background Thread 3 ] DEBUG Engine               - gameDifficultyProperty: ObjectProperty [value: MEDIUM]
08:45:19.443 [FXGL Background Thread 3 ] DEBUG Engine               - globalMusicVolume: 0.5
08:45:19.443 [FXGL Background Thread 3 ] DEBUG Engine               - globalMusicVolumeProperty: DoubleProperty [value: 0.5]
08:45:19.443 [FXGL Background Thread 3 ] DEBUG Engine               - globalSoundVolume: 0.5
08:45:19.444 [FXGL Background Thread 3 ] DEBUG Engine               - globalSoundVolumeProperty: DoubleProperty [value: 0.5]
08:45:19.444 [FXGL Background Thread 3 ] DEBUG Engine               - height: 720
08:45:19.444 [FXGL Background Thread 3 ] DEBUG Engine               - is3D: false
08:45:19.444 [FXGL Background Thread 3 ] DEBUG Engine               - isAndroid: false
08:45:19.444 [FXGL Background Thread 3 ] DEBUG Engine               - isBrowser: false
08:45:19.444 [FXGL Background Thread 3 ] DEBUG Engine               - isClickFeedbackEnabled: false
08:45:19.444 [FXGL Background Thread 3 ] DEBUG Engine               - isCloseConfirmation: false
08:45:19.444 [FXGL Background Thread 3 ] DEBUG Engine               - isDesktop: true
08:45:19.444 [FXGL Background Thread 3 ] DEBUG Engine               - isDeveloperMenuEnabled: false
08:45:19.444 [FXGL Background Thread 3 ] DEBUG Engine               - isEntityPreloadEnabled: true
08:45:19.445 [FXGL Background Thread 3 ] DEBUG Engine               - isExperimentalTiledLargeMap: false
08:45:19.445 [FXGL Background Thread 3 ] DEBUG Engine               - isFileSystemWriteAllowed: true
08:45:19.445 [FXGL Background Thread 3 ] DEBUG Engine               - isFullScreenAllowed: true
08:45:19.445 [FXGL Background Thread 3 ] DEBUG Engine               - isFullScreenFromStart: true
08:45:19.445 [FXGL Background Thread 3 ] DEBUG Engine               - isGameMenuEnabled: true
08:45:19.445 [FXGL Background Thread 3 ] DEBUG Engine               - isIOS: false
08:45:19.445 [FXGL Background Thread 3 ] DEBUG Engine               - isIntroEnabled: false
08:45:19.445 [FXGL Background Thread 3 ] DEBUG Engine               - isLinux: false
08:45:19.445 [FXGL Background Thread 3 ] DEBUG Engine               - isMac: false
08:45:19.445 [FXGL Background Thread 3 ] DEBUG Engine               - isMainMenuEnabled: true
08:45:19.445 [FXGL Background Thread 3 ] DEBUG Engine               - isManualResizeEnabled: false
08:45:19.446 [FXGL Background Thread 3 ] DEBUG Engine               - isMobile: false
08:45:19.446 [FXGL Background Thread 3 ] DEBUG Engine               - isNative: false
08:45:19.446 [FXGL Background Thread 3 ] DEBUG Engine               - isPauseMusicWhenMinimized: true
08:45:19.446 [FXGL Background Thread 3 ] DEBUG Engine               - isPreserveResizeRatio: false
08:45:19.446 [FXGL Background Thread 3 ] DEBUG Engine               - isProfilingEnabled: false
08:45:19.446 [FXGL Background Thread 3 ] DEBUG Engine               - isScaleAffectedOnResize: true
08:45:19.446 [FXGL Background Thread 3 ] DEBUG Engine               - isSingleStep: false
08:45:19.446 [FXGL Background Thread 3 ] DEBUG Engine               - isUserProfileEnabled: false
08:45:19.446 [FXGL Background Thread 3 ] DEBUG Engine               - isWindows: true
08:45:19.446 [FXGL Background Thread 3 ] DEBUG Engine               - language: ObjectProperty [value: ENGLISH]
08:45:19.446 [FXGL Background Thread 3 ] DEBUG Engine               - menuKey: ESCAPE
08:45:19.446 [FXGL Background Thread 3 ] DEBUG Engine               - mouseSensitivity: 0.2
08:45:19.447 [FXGL Background Thread 3 ] DEBUG Engine               - notificationViewClass: class com.almasb.fxgl.notification.view.XboxNotificationView
08:45:19.447 [FXGL Background Thread 3 ] DEBUG Engine               - pixelsPerMeter: 50.0
08:45:19.447 [FXGL Background Thread 3 ] DEBUG Engine               - platform: WINDOWS
08:45:19.447 [FXGL Background Thread 3 ] DEBUG Engine               - prefHeightProperty: ReadOnlyDoubleProperty [value: 720.0]
08:45:19.447 [FXGL Background Thread 3 ] DEBUG Engine               - prefWidthProperty: ReadOnlyDoubleProperty [value: 1280.0]
08:45:19.447 [FXGL Background Thread 3 ] DEBUG Engine               - profileDir: profiles/
08:45:19.447 [FXGL Background Thread 3 ] DEBUG Engine               - profileName: StringProperty [value: DEFAULT]
08:45:19.447 [FXGL Background Thread 3 ] DEBUG Engine               - randomSeed: -1
08:45:19.447 [FXGL Background Thread 3 ] DEBUG Engine               - runtimeInfo: RuntimeInfo(platform=WINDOWS, version=11.17, build=16.07.2021 15.46)
08:45:19.447 [FXGL Background Thread 3 ] DEBUG Engine               - saveFileExt: sav
08:45:19.447 [FXGL Background Thread 3 ] DEBUG Engine               - scaledHeightProp$fxgl: DoubleProperty [bound, value: 864.0]
08:45:19.448 [FXGL Background Thread 3 ] DEBUG Engine               - scaledWidthProp$fxgl: DoubleProperty [bound, value: 1536.0]
08:45:19.448 [FXGL Background Thread 3 ] DEBUG Engine               - sceneFactory: Bomberman.GameApp$1@2defdd5b
08:45:19.448 [FXGL Background Thread 3 ] DEBUG Engine               - secondsIn24h: 60
08:45:19.448 [FXGL Background Thread 3 ] DEBUG Engine               - soundMenuBack: menu/back.wav
08:45:19.448 [FXGL Background Thread 3 ] DEBUG Engine               - soundMenuPress: menu/press.wav
08:45:19.448 [FXGL Background Thread 3 ] DEBUG Engine               - soundMenuSelect: menu/select.wav
08:45:19.448 [FXGL Background Thread 3 ] DEBUG Engine               - soundNotification: core/notification.wav
08:45:19.448 [FXGL Background Thread 3 ] DEBUG Engine               - stageStyle: DECORATED
08:45:19.448 [FXGL Background Thread 3 ] DEBUG Engine               - supportedLanguages: [ENGLISH, FRENCH, GERMAN, HUNGARIAN, RUSSIAN]
08:45:19.448 [FXGL Background Thread 3 ] DEBUG Engine               - ticksPerSecond: -1
08:45:19.448 [FXGL Background Thread 3 ] DEBUG Engine               - title: BOMBER
 MAN
08:45:19.448 [FXGL Background Thread 3 ] DEBUG Engine               - urlGithub: https://github.com/AlmasB/FXGL
08:45:19.448 [FXGL Background Thread 3 ] DEBUG Engine               - urlLeaderboard: http://fxgl-top.herokuapp.com/
08:45:19.448 [FXGL Background Thread 3 ] DEBUG Engine               - urlPOM: https://raw.githubusercontent.com/AlmasB/FXGL/release/README.md
08:45:19.448 [FXGL Background Thread 3 ] DEBUG Engine               - userAppClass: class Bomberman.GameApp
08:45:19.448 [FXGL Background Thread 3 ] DEBUG Engine               - version: Pro
08:45:19.449 [FXGL Background Thread 3 ] DEBUG Engine               - versionCheckDays: 7
08:45:19.449 [FXGL Background Thread 3 ] DEBUG Engine               - width: 1280
08:45:19.449 [FXGL Background Thread 3 ] DEBUG Engine               - Logging services
08:45:19.449 [FXGL Background Thread 3 ] DEBUG Engine               - class com.almasb.fxgl.app.services.FXGLAssetLoaderService
08:45:19.449 [FXGL Background Thread 3 ] DEBUG Engine               - class com.almasb.fxgl.app.FXGLApplication$GameApplicationService
08:45:19.449 [FXGL Background Thread 3 ] DEBUG Engine               - class com.almasb.fxgl.app.services.FXGLDialogService
08:45:19.449 [FXGL Background Thread 3 ] DEBUG Engine               - class com.almasb.fxgl.app.services.IOTaskExecutorService
08:45:19.449 [FXGL Background Thread 3 ] DEBUG Engine               - class com.almasb.fxgl.io.FileSystemService
08:45:19.449 [FXGL Background Thread 3 ] DEBUG Engine               - class com.almasb.fxgl.localization.LocalizationService
08:45:19.449 [FXGL Background Thread 3 ] DEBUG Engine               - class com.almasb.fxgl.app.services.SystemBundleService
08:45:19.449 [FXGL Background Thread 3 ] DEBUG Engine               - class com.almasb.fxgl.profile.SaveLoadService
08:45:19.449 [FXGL Background Thread 3 ] DEBUG Engine               - class com.almasb.fxgl.ui.FXGLUIFactoryServiceProvider
08:45:19.449 [FXGL Background Thread 3 ] DEBUG Engine               - class com.almasb.fxgl.ui.FXGLDialogFactoryServiceProvider
08:45:19.449 [FXGL Background Thread 3 ] DEBUG Engine               - class com.almasb.fxgl.audio.AudioPlayer
08:45:19.449 [FXGL Background Thread 3 ] DEBUG Engine               - class com.almasb.fxgl.notification.impl.NotificationServiceProvider
08:45:19.449 [FXGL Background Thread 3 ] DEBUG Engine               - class com.almasb.fxgl.achievement.AchievementService
08:45:19.449 [FXGL Background Thread 3 ] DEBUG Engine               - class com.almasb.fxgl.cutscene.CutsceneService
08:45:19.449 [FXGL Background Thread 3 ] DEBUG Engine               - class com.almasb.fxgl.minigames.MiniGameService
08:45:19.449 [FXGL Background Thread 3 ] DEBUG Engine               - class com.almasb.fxgl.net.NetService
08:45:19.449 [FXGL Background Thread 3 ] DEBUG Engine               - class com.almasb.fxgl.app.services.UpdaterService
08:45:19.449 [FXGL Background Thread 3 ] DEBUG Engine               - class com.almasb.fxgl.dev.DevService
08:45:21.062 [JavaFX Application Thread] DEBUG Menu                 - fireNewGame()
08:45:21.063 [JavaFX Application Thread] DEBUG GameApplicationServi - Starting new game
08:45:21.063 [JavaFX Application Thread] DEBUG PrimaryStageWindow   - Pop state: MainMenu
08:45:21.063 [JavaFX Application Thread] DEBUG Input                - Clearing active input actions
08:45:21.063 [JavaFX Application Thread] DEBUG GameApplicationServi - Removing overlay from MainMenu and adding to FXGLMainMenuDummyScene
08:45:21.064 [JavaFX Application Thread] DEBUG PrimaryStageWindow   - FXGLMainMenuDummyScene <- MainMenu
08:45:21.064 [JavaFX Application Thread] DEBUG Input                - Clearing active input actions
08:45:21.072 [JavaFX Application Thread] DEBUG GameApplicationServi - Removing overlay from FXGLMainMenuDummyScene and adding to FXGLLoadingScene
08:45:21.073 [JavaFX Application Thread] DEBUG PrimaryStageWindow   - FXGLMainMenuDummyScene -> FXGLLoadingScene
08:45:21.073 [JavaFX Application Thread] DEBUG GameApplicationServi - Clearing previous game
08:45:21.073 [JavaFX Application Thread] DEBUG GameScene            - Clearing game scene
08:45:21.073 [JavaFX Application Thread] DEBUG GameWorld            - Clearing game world
08:45:21.073 [JavaFX Application Thread] DEBUG PhysicsWorld         - Clearing physics world
08:45:21.075 [FXGL Background Thread 2 ] DEBUG FXGLApplication      - Initializing game
08:45:21.116 [FXGL Background Thread 2 ] INFO  FXGLApplication      - Game initialization took: 0.041 sec
08:45:21.119 [JavaFX Application Thread] DEBUG Input                - Clearing active input actions
08:45:21.130 [JavaFX Application Thread] DEBUG GameApplicationServi - Removing overlay from FXGLLoadingScene and adding to GameScene
08:45:21.130 [JavaFX Application Thread] DEBUG PrimaryStageWindow   - FXGLLoadingScene -> GameScene
08:45:21.132 [JavaFX Application Thread] DEBUG FXGLAssetLoaderServi - Loading from file system: file:/C:/Users/Cao%20Xuan%20Dung/OneDrive%20-%20vnu.edu.vn/Documents/GitHub/BombermanTest/target/classes/assets/sounds/1-10.%20Clear.wav
08:45:21.150 [JavaFX Application Thread] DEBUG PrimaryStageWindow   - Push state: StageStartScene
08:45:21.150 [JavaFX Application Thread] DEBUG Input                - Clearing active input actions
08:45:21.150 [JavaFX Application Thread] DEBUG GameApplicationServi - Removing overlay from GameScene and adding to StageStartScene
08:45:21.150 [JavaFX Application Thread] DEBUG PrimaryStageWindow   - GameScene -> StageStartScene
08:45:25.162 [JavaFX Application Thread] DEBUG PrimaryStageWindow   - Pop state: StageStartScene
08:45:25.162 [JavaFX Application Thread] DEBUG Input                - Clearing active input actions
08:45:25.162 [JavaFX Application Thread] DEBUG GameApplicationServi - Removing overlay from StageStartScene and adding to GameScene
08:45:25.163 [JavaFX Application Thread] DEBUG PrimaryStageWindow   - GameScene <- StageStartScene
08:45:28.470 [JavaFX Application Thread] DEBUG PrimaryStageWindow   - Push state: GameMenu
08:45:28.476 [JavaFX Application Thread] DEBUG Input                - Clearing active input actions
08:45:28.477 [JavaFX Application Thread] DEBUG GameApplicationServi - Removing overlay from GameScene and adding to GameMenu
08:45:28.477 [JavaFX Application Thread] DEBUG PrimaryStageWindow   - GameScene -> GameMenu
08:45:29.821 [JavaFX Application Thread] DEBUG Menu                 - fireExit()
08:45:29.829 [JavaFX Application Thread] DEBUG PrimaryStageWindow   - Push state: DialogSubScene
08:45:29.829 [JavaFX Application Thread] DEBUG Input                - Clearing active input actions
08:45:29.830 [JavaFX Application Thread] DEBUG GameApplicationServi - Removing overlay from GameMenu and adding to DialogSubScene
08:45:29.830 [JavaFX Application Thread] DEBUG PrimaryStageWindow   - GameMenu -> DialogSubScene
08:45:30.886 [JavaFX Application Thread] DEBUG PrimaryStageWindow   - Pop state: DialogSubScene
08:45:30.886 [JavaFX Application Thread] DEBUG Input                - Clearing active input actions
08:45:30.887 [JavaFX Application Thread] DEBUG GameApplicationServi - Removing overlay from DialogSubScene and adding to GameMenu
08:45:30.887 [JavaFX Application Thread] DEBUG PrimaryStageWindow   - GameMenu <- DialogSubScene
08:45:30.887 [JavaFX Application Thread] DEBUG FXGLApplication      - Exiting FXGL
08:45:30.887 [JavaFX Application Thread] DEBUG LoopRunner           - Stopping loop
08:45:30.887 [JavaFX Application Thread] DEBUG SystemBundleService  - Saving FXGL system data
08:45:30.890 [JavaFX Application Thread] DEBUG FileSystemAccess     - Writing to: C:\Users\Cao Xuan Dung\OneDrive - vnu.edu.vn\Documents\GitHub\BombermanTest\system\fxgl.bundle
08:45:30.893 [JavaFX Application Thread] DEBUG Async                - Shutting down background threads
08:45:30.893 [JavaFX Application Thread] DEBUG PrimaryStageWindow   - Closing main window
08:45:30.913 [JavaFX Application Thread] DEBUG Logger               - Closing Logger
