09:33:47.552 [main                     ] DEBUG Logger               - Configured Logger
09:33:47.557 [main                     ] DEBUG GameApplication      - Logging settings
Title: BOMBER
 MAN
Version: Pro
Width: 1280
Height: 720
Fullscreen: true
Intro: false
Profiling: false
Single step:false
App Mode: DEVELOPER
Menu Key: ESCAPE
Stage Style: DECORATED
Scene Factory: class Bomberman.GameApp$1

09:33:47.929 [JavaFX Application Thread] DEBUG FXGLApplication      - Initializing FXGL
09:33:47.932 [JavaFX Application Thread] INFO  Engine               - FXGL-11.17 (16.07.2021 15.46) on WINDOWS (J:18.0.2.1 FX:19)
09:33:47.932 [JavaFX Application Thread] DEBUG Engine               - JRE Vendor Name: Oracle Corporation
09:33:47.932 [JavaFX Application Thread] DEBUG Engine               - Running on OS: Windows 11 version 10.0
09:33:47.932 [JavaFX Application Thread] DEBUG Engine               - Architecture: amd64
09:33:47.932 [JavaFX Application Thread] INFO  Engine               - Source code and latest versions at: https://github.com/AlmasB/FXGL
09:33:47.932 [JavaFX Application Thread] INFO  Engine               -              Join the FXGL chat at: https://gitter.im/AlmasB/FXGL
09:33:48.046 [JavaFX Application Thread] DEBUG PrimaryStageWindow   - Creating a JavaFX scene
09:33:48.091 [JavaFX Application Thread] DEBUG PrimaryStageWindow   - Target settings size: 1280.0 x 720.0
09:33:48.091 [JavaFX Application Thread] DEBUG PrimaryStageWindow   - Scaled scene size:    1280.0 x 720.0
09:33:48.091 [JavaFX Application Thread] DEBUG PrimaryStageWindow   - Scaled ratio: (1.0, 1.0)
09:33:48.091 [JavaFX Application Thread] DEBUG PrimaryStageWindow   - Set initial scene to FXGLStartupScene
09:33:48.095 [JavaFX Application Thread] DEBUG PrimaryStageWindow   - Opening main window
09:33:48.177 [JavaFX Application Thread] DEBUG PrimaryStageWindow   - Window border size: (14.4000244140625, 37.5999755859375)
09:33:48.177 [JavaFX Application Thread] DEBUG PrimaryStageWindow   - Scaled size: 1280.0 x 720.0
09:33:48.177 [JavaFX Application Thread] DEBUG PrimaryStageWindow   - Scaled ratio: (1.0, 1.0)
09:33:48.178 [JavaFX Application Thread] DEBUG PrimaryStageWindow   - Scene size: 1280.0 x 720.0
09:33:48.178 [JavaFX Application Thread] DEBUG PrimaryStageWindow   - Stage size: 1294.4000244140625 x 757.5999755859375
09:33:48.245 [JavaFX Application Thread] DEBUG PrimaryStageWindow   - Going fullscreen
09:33:48.257 [FXGL Background Thread 1 ] DEBUG Engine               - Initializing environment variables
09:33:48.330 [FXGL Background Thread 1 ] DEBUG FXGLAssetLoaderServi - User app class for loading assets: class Bomberman.GameApp
09:33:48.330 [FXGL Background Thread 1 ] DEBUG GameApplicationServi - Applying CSS: fxgl_dark.css
09:33:48.331 [FXGL Background Thread 1 ] DEBUG FXGLAssetLoaderServi - Loading from file system: jar:file:/C:/Users/Cao%20Xuan%20Dung/.m2/repository/com/github/almasb/fxgl/11.17/fxgl-11.17.jar!/fxglassets/ui/css/fxgl_dark.css
09:33:48.373 [FXGL Background Thread 1 ] DEBUG GameApplicationServi - Initializing application scenes
09:33:48.413 [FXGL Background Thread 1 ] DEBUG GameWorld            - Game world initialized
09:33:48.479 [FXGL Background Thread 1 ] DEBUG PhysicsWorld         - Physics world initialized: appHeight=720, physics.ppm=50.0
09:33:48.480 [FXGL Background Thread 1 ] DEBUG PhysicsWorld         - Using strategy: BRUTE_FORCE
09:33:48.486 [FXGL Background Thread 1 ] DEBUG GameScene            - Game scene initialized: 1280x720
09:33:48.599 [FXGL Background Thread 1 ] DEBUG GameApplicationServi - Application scenes initialized
09:33:48.610 [FXGL Background Thread 1 ] DEBUG SystemBundleService  - Loading FXGL system data
09:33:48.614 [FXGL Background Thread 1 ] DEBUG FileSystemAccess     - Reading from: C:\Users\Cao Xuan Dung\OneDrive - vnu.edu.vn\Documents\GitHub\bomberman-uet\system\fxgl.bundle
09:33:48.625 [FXGL Background Thread 1 ] DEBUG SystemBundleService  - Bundle FXGL: {}
09:33:48.625 [FXGL Background Thread 1 ] DEBUG UpdaterService       - Checking for updates
09:33:48.633 [FXGL Background Thread 4 ] DEBUG FXGLApplication      - Loading fonts
09:33:48.633 [FXGL Background Thread 1 ] DEBUG FXGLApplication      - Loading default localization
09:33:48.633 [FXGL Background Thread 1 ] DEBUG FXGLAssetLoaderServi - Loading from file system: jar:file:/C:/Users/Cao%20Xuan%20Dung/.m2/repository/com/github/almasb/fxgl/11.17/fxgl-11.17.jar!/fxglassets/languages/english.lang
09:33:48.633 [FXGL Background Thread 4 ] DEBUG FXGLAssetLoaderServi - Loading from file system: file:/C:/Users/Cao%20Xuan%20Dung/OneDrive%20-%20vnu.edu.vn/Documents/GitHub/bomberman-uet/target/classes/assets/ui/fonts/game_font.ttf
09:33:48.654 [FXGL Background Thread 1 ] INFO  FXGLApplication      - FXGL initialization took: 0.396 sec
09:33:48.656 [JavaFX Application Thread] DEBUG FXGLAssetLoaderServi - Loading from file system: file:/C:/Users/Cao%20Xuan%20Dung/OneDrive%20-%20vnu.edu.vn/Documents/GitHub/bomberman-uet/target/classes/assets/music/1-01.%20Title.mp3
09:33:48.740 [FXGL Background Thread 4 ] DEBUG FXGLAssetLoaderServi - Loading from file system: jar:file:/C:/Users/Cao%20Xuan%20Dung/.m2/repository/com/github/almasb/fxgl/11.17/fxgl-11.17.jar!/fxglassets/ui/fonts/Abel-Regular.ttf
09:33:48.744 [FXGL Background Thread 4 ] DEBUG FXGLAssetLoaderServi - Loading from file system: jar:file:/C:/Users/Cao%20Xuan%20Dung/.m2/repository/com/github/almasb/fxgl/11.17/fxgl-11.17.jar!/fxglassets/ui/fonts/lucida_console.ttf
09:33:48.750 [FXGL Background Thread 4 ] DEBUG FXGLAssetLoaderServi - Loading from file system: jar:file:/C:/Users/Cao%20Xuan%20Dung/.m2/repository/com/github/almasb/fxgl/11.17/fxgl-11.17.jar!/fxglassets/ui/fonts/Courier-Prime.ttf
09:33:48.805 [JavaFX Application Thread] DEBUG AudioPlayer          - Playing music com.almasb.fxgl.audio.Music@5d2e497
09:33:48.806 [JavaFX Application Thread] DEBUG FXGLAssetLoaderServi - Loading from file system: jar:file:/C:/Users/Cao%20Xuan%20Dung/.m2/repository/com/github/almasb/fxgl/11.17/fxgl-11.17.jar!/fxglassets/textures/fxgl_icon.png
09:33:48.858 [JavaFX Application Thread] DEBUG FXGLAssetLoaderServi - Loading from file system: jar:file:/C:/Users/Cao%20Xuan%20Dung/.m2/repository/com/github/almasb/fxgl/11.17/fxgl-11.17.jar!/fxglassets/textures/fxgl_default_cursor.png
09:33:48.872 [JavaFX Application Thread] DEBUG Input                - Registered new binding: Screenshot - CTRL+8
09:33:48.873 [JavaFX Application Thread] DEBUG Input                - Registered new binding: System info dump - CTRL+9
09:33:48.873 [JavaFX Application Thread] DEBUG Input                - Registered new binding: Restart - CTRL+R
09:33:48.874 [JavaFX Application Thread] DEBUG Input                - Registered new binding: Toggle Debug Camera - CTRL+C
09:33:48.876 [JavaFX Application Thread] DEBUG LoopRunner           - Starting loop
09:33:48.876 [JavaFX Application Thread] DEBUG LoopRunner           - Initializing JavaFX AnimationTimerLoop
09:33:48.878 [JavaFX Application Thread] DEBUG Input                - Clearing active input actions
09:33:48.887 [JavaFX Application Thread] DEBUG GameApplicationServi - Removing overlay from FXGLStartupScene and adding to FXGLMainMenuDummyScene
09:33:48.888 [JavaFX Application Thread] DEBUG PrimaryStageWindow   - FXGLStartupScene -> FXGLMainMenuDummyScene
09:33:48.888 [JavaFX Application Thread] DEBUG PrimaryStageWindow   - Push state: MainMenu
09:33:48.888 [JavaFX Application Thread] DEBUG Input                - Clearing active input actions
09:33:48.892 [JavaFX Application Thread] DEBUG GameApplicationServi - Removing overlay from FXGLMainMenuDummyScene and adding to MainMenu
09:33:48.892 [JavaFX Application Thread] DEBUG PrimaryStageWindow   - FXGLMainMenuDummyScene -> MainMenu
09:33:48.902 [JavaFX Application Thread] DEBUG FXGLApplication      - Registering font factories with UI factory
09:33:49.309 [FXGL Background Thread 2 ] INFO  UpdaterService       - Your current version:  11.17
09:33:49.310 [FXGL Background Thread 2 ] INFO  UpdaterService       - Latest stable version: 17.2
09:33:49.721 [JavaFX Application Thread] DEBUG Menu                 - fireExit()
09:33:49.727 [JavaFX Application Thread] DEBUG PrimaryStageWindow   - Push state: DialogSubScene
09:33:49.728 [JavaFX Application Thread] DEBUG Input                - Clearing active input actions
09:33:49.731 [JavaFX Application Thread] DEBUG GameApplicationServi - Removing overlay from MainMenu and adding to DialogSubScene
09:33:49.731 [JavaFX Application Thread] DEBUG PrimaryStageWindow   - MainMenu -> DialogSubScene
09:33:50.456 [JavaFX Application Thread] DEBUG PrimaryStageWindow   - Pop state: DialogSubScene
09:33:50.456 [JavaFX Application Thread] DEBUG Input                - Clearing active input actions
09:33:50.457 [JavaFX Application Thread] DEBUG GameApplicationServi - Removing overlay from DialogSubScene and adding to MainMenu
09:33:50.458 [JavaFX Application Thread] DEBUG PrimaryStageWindow   - MainMenu <- DialogSubScene
09:33:50.458 [JavaFX Application Thread] DEBUG FXGLApplication      - Exiting FXGL
09:33:50.458 [JavaFX Application Thread] DEBUG LoopRunner           - Stopping loop
09:33:50.458 [JavaFX Application Thread] DEBUG SystemBundleService  - Saving FXGL system data
09:33:50.460 [JavaFX Application Thread] DEBUG FileSystemAccess     - Writing to: C:\Users\Cao Xuan Dung\OneDrive - vnu.edu.vn\Documents\GitHub\bomberman-uet\system\fxgl.bundle
09:33:50.463 [JavaFX Application Thread] DEBUG Async                - Shutting down background threads
09:33:50.463 [JavaFX Application Thread] DEBUG PrimaryStageWindow   - Closing main window
09:33:50.485 [JavaFX Application Thread] DEBUG Logger               - Closing Logger
