08:59:04.003 [main                     ] DEBUG Logger               - Configured Logger
08:59:04.008 [main                     ] DEBUG GameApplication      - Logging settings
Title: BOMBER
 MAN
Version: Pro
Width: 1280
Height: 720
Fullscreen: true
Intro: false
Profiling: false
Single step:false
App Mode: DEVELOPER
Menu Key: ESCAPE
Stage Style: DECORATED
Scene Factory: class Bomberman.GameApp$1

08:59:04.565 [JavaFX Application Thread] DEBUG FXGLApplication      - Initializing FXGL
08:59:04.567 [JavaFX Application Thread] INFO  Engine               - FXGL-11.17 (16.07.2021 15.46) on WINDOWS (J:18.0.2.1 FX:16)
08:59:04.568 [JavaFX Application Thread] DEBUG Engine               - JRE Vendor Name: Oracle Corporation
08:59:04.568 [JavaFX Application Thread] DEBUG Engine               - Running on OS: Windows 11 version 10.0
08:59:04.568 [JavaFX Application Thread] DEBUG Engine               - Architecture: amd64
08:59:04.568 [JavaFX Application Thread] INFO  Engine               - Source code and latest versions at: https://github.com/AlmasB/FXGL
08:59:04.568 [JavaFX Application Thread] INFO  Engine               -              Join the FXGL chat at: https://gitter.im/AlmasB/FXGL
08:59:04.682 [JavaFX Application Thread] DEBUG PrimaryStageWindow   - Creating a JavaFX scene
08:59:04.724 [JavaFX Application Thread] DEBUG PrimaryStageWindow   - Target settings size: 1280.0 x 720.0
08:59:04.725 [JavaFX Application Thread] DEBUG PrimaryStageWindow   - Scaled scene size:    1280.0 x 720.0
08:59:04.725 [JavaFX Application Thread] DEBUG PrimaryStageWindow   - Scaled ratio: (1.0, 1.0)
08:59:04.725 [JavaFX Application Thread] DEBUG PrimaryStageWindow   - Set initial scene to FXGLStartupScene
08:59:04.733 [JavaFX Application Thread] DEBUG PrimaryStageWindow   - Opening main window
08:59:04.827 [JavaFX Application Thread] DEBUG PrimaryStageWindow   - Window border size: (14.4000244140625, 37.5999755859375)
08:59:04.828 [JavaFX Application Thread] DEBUG PrimaryStageWindow   - Scaled size: 1280.0 x 720.0
08:59:04.828 [JavaFX Application Thread] DEBUG PrimaryStageWindow   - Scaled ratio: (1.0, 1.0)
08:59:04.829 [JavaFX Application Thread] DEBUG PrimaryStageWindow   - Scene size: 1280.0 x 720.0
08:59:04.829 [JavaFX Application Thread] DEBUG PrimaryStageWindow   - Stage size: 1294.4000244140625 x 757.5999755859375
08:59:04.895 [JavaFX Application Thread] DEBUG PrimaryStageWindow   - Going fullscreen
08:59:04.904 [FXGL Background Thread 1 ] DEBUG Engine               - Initializing environment variables
08:59:04.979 [FXGL Background Thread 1 ] DEBUG FXGLAssetLoaderServi - User app class for loading assets: class Bomberman.GameApp
08:59:04.979 [FXGL Background Thread 1 ] DEBUG GameApplicationServi - Applying CSS: fxgl_dark.css
08:59:04.981 [FXGL Background Thread 1 ] DEBUG FXGLAssetLoaderServi - Loading from file system: jar:file:/C:/Users/Cao%20Xuan%20Dung/.m2/repository/com/github/almasb/fxgl/11.17/fxgl-11.17.jar!/fxglassets/ui/css/fxgl_dark.css
08:59:05.019 [FXGL Background Thread 1 ] DEBUG GameApplicationServi - Initializing application scenes
08:59:05.068 [FXGL Background Thread 1 ] DEBUG GameWorld            - Game world initialized
08:59:05.139 [FXGL Background Thread 1 ] DEBUG PhysicsWorld         - Physics world initialized: appHeight=720, physics.ppm=50.0
08:59:05.140 [FXGL Background Thread 1 ] DEBUG PhysicsWorld         - Using strategy: BRUTE_FORCE
08:59:05.143 [FXGL Background Thread 1 ] DEBUG GameScene            - Game scene initialized: 1280x720
08:59:05.248 [FXGL Background Thread 1 ] DEBUG GameApplicationServi - Application scenes initialized
08:59:05.297 [FXGL Background Thread 1 ] DEBUG SystemBundleService  - Loading FXGL system data
08:59:05.310 [FXGL Background Thread 1 ] DEBUG FileSystemAccess     - Reading from: C:\Users\Cao Xuan Dung\OneDrive - vnu.edu.vn\Documents\GitHub\BombermanTest\system\fxgl.bundle
08:59:05.338 [FXGL Background Thread 1 ] DEBUG SystemBundleService  - Bundle FXGL: {}
08:59:05.339 [FXGL Background Thread 1 ] DEBUG UpdaterService       - Checking for updates
08:59:05.365 [FXGL Background Thread 1 ] DEBUG FXGLApplication      - Loading default localization
08:59:05.366 [FXGL Background Thread 1 ] DEBUG FXGLAssetLoaderServi - Loading from file system: jar:file:/C:/Users/Cao%20Xuan%20Dung/.m2/repository/com/github/almasb/fxgl/11.17/fxgl-11.17.jar!/fxglassets/languages/english.lang
08:59:05.368 [FXGL Background Thread 4 ] DEBUG FXGLApplication      - Loading fonts
08:59:05.368 [FXGL Background Thread 4 ] DEBUG FXGLAssetLoaderServi - Loading from file system: file:/C:/Users/Cao%20Xuan%20Dung/OneDrive%20-%20vnu.edu.vn/Documents/GitHub/BombermanTest/target/classes/assets/ui/fonts/game_font.ttf
08:59:05.392 [FXGL Background Thread 1 ] INFO  FXGLApplication      - FXGL initialization took: 0.487 sec
08:59:05.396 [JavaFX Application Thread] DEBUG FXGLAssetLoaderServi - Loading from file system: file:/C:/Users/Cao%20Xuan%20Dung/OneDrive%20-%20vnu.edu.vn/Documents/GitHub/BombermanTest/target/classes/assets/music/1-01.%20Title.mp3
08:59:05.455 [FXGL Background Thread 4 ] DEBUG FXGLAssetLoaderServi - Loading from file system: jar:file:/C:/Users/Cao%20Xuan%20Dung/.m2/repository/com/github/almasb/fxgl/11.17/fxgl-11.17.jar!/fxglassets/ui/fonts/Abel-Regular.ttf
08:59:05.461 [FXGL Background Thread 4 ] DEBUG FXGLAssetLoaderServi - Loading from file system: jar:file:/C:/Users/Cao%20Xuan%20Dung/.m2/repository/com/github/almasb/fxgl/11.17/fxgl-11.17.jar!/fxglassets/ui/fonts/lucida_console.ttf
08:59:05.469 [FXGL Background Thread 4 ] DEBUG FXGLAssetLoaderServi - Loading from file system: jar:file:/C:/Users/Cao%20Xuan%20Dung/.m2/repository/com/github/almasb/fxgl/11.17/fxgl-11.17.jar!/fxglassets/ui/fonts/Courier-Prime.ttf
08:59:05.658 [JavaFX Application Thread] DEBUG AudioPlayer          - Playing music com.almasb.fxgl.audio.Music@8d1b823
08:59:05.659 [JavaFX Application Thread] DEBUG FXGLAssetLoaderServi - Loading from file system: jar:file:/C:/Users/Cao%20Xuan%20Dung/.m2/repository/com/github/almasb/fxgl/11.17/fxgl-11.17.jar!/fxglassets/textures/fxgl_icon.png
08:59:05.714 [JavaFX Application Thread] DEBUG FXGLAssetLoaderServi - Loading from file system: jar:file:/C:/Users/Cao%20Xuan%20Dung/.m2/repository/com/github/almasb/fxgl/11.17/fxgl-11.17.jar!/fxglassets/textures/fxgl_default_cursor.png
08:59:05.734 [JavaFX Application Thread] DEBUG Input                - Registered new binding: Screenshot - CTRL+8
08:59:05.735 [JavaFX Application Thread] DEBUG Input                - Registered new binding: System info dump - CTRL+9
08:59:05.736 [JavaFX Application Thread] DEBUG Input                - Registered new binding: Restart - CTRL+R
08:59:05.736 [JavaFX Application Thread] DEBUG Input                - Registered new binding: Toggle Debug Camera - CTRL+C
08:59:05.739 [JavaFX Application Thread] DEBUG LoopRunner           - Starting loop
08:59:05.739 [JavaFX Application Thread] DEBUG LoopRunner           - Initializing JavaFX AnimationTimerLoop
08:59:05.742 [JavaFX Application Thread] DEBUG Input                - Clearing active input actions
08:59:05.748 [JavaFX Application Thread] DEBUG GameApplicationServi - Removing overlay from FXGLStartupScene and adding to FXGLMainMenuDummyScene
08:59:05.749 [JavaFX Application Thread] DEBUG PrimaryStageWindow   - FXGLStartupScene -> FXGLMainMenuDummyScene
08:59:05.749 [JavaFX Application Thread] DEBUG PrimaryStageWindow   - Push state: MainMenu
08:59:05.749 [JavaFX Application Thread] DEBUG Input                - Clearing active input actions
08:59:05.753 [JavaFX Application Thread] DEBUG GameApplicationServi - Removing overlay from FXGLMainMenuDummyScene and adding to MainMenu
08:59:05.753 [JavaFX Application Thread] DEBUG PrimaryStageWindow   - FXGLMainMenuDummyScene -> MainMenu
08:59:05.762 [JavaFX Application Thread] DEBUG FXGLApplication      - Registering font factories with UI factory
08:59:06.395 [FXGL Background Thread 2 ] INFO  UpdaterService       - Your current version:  11.17
08:59:06.395 [FXGL Background Thread 2 ] INFO  UpdaterService       - Latest stable version: 17.2
08:59:08.347 [FXGL Background Thread 3 ] DEBUG Engine               - Logging environment variables
08:59:08.347 [FXGL Background Thread 3 ] DEBUG Engine               - achievements: []
08:59:08.347 [FXGL Background Thread 3 ] DEBUG Engine               - actualHeight: 864.0
08:59:08.347 [FXGL Background Thread 3 ] DEBUG Engine               - actualHeightProperty: ReadOnlyDoubleProperty [value: 864.0]
08:59:08.347 [FXGL Background Thread 3 ] DEBUG Engine               - actualWidth: 1536.0
08:59:08.347 [FXGL Background Thread 3 ] DEBUG Engine               - actualWidthProperty: ReadOnlyDoubleProperty [value: 1536.0]
08:59:08.347 [FXGL Background Thread 3 ] DEBUG Engine               - appIcon: fxgl_icon.png
08:59:08.347 [FXGL Background Thread 3 ] DEBUG Engine               - applicationMode: DEVELOPER
08:59:08.347 [FXGL Background Thread 3 ] DEBUG Engine               - cSSList: [fxgl_dark.css]
08:59:08.347 [FXGL Background Thread 3 ] DEBUG Engine               - collisionDetectionStrategy: BRUTE_FORCE
08:59:08.347 [FXGL Background Thread 3 ] DEBUG Engine               - configClass: Optional.empty
08:59:08.349 [FXGL Background Thread 3 ] DEBUG Engine               - credits: []
08:59:08.349 [FXGL Background Thread 3 ] DEBUG Engine               - defaultCursor: CursorInfo(imageName=fxgl_default_cursor.png, hotspotX=7.0, hotspotY=6.0)
08:59:08.349 [FXGL Background Thread 3 ] DEBUG Engine               - devBBoxColorProperty: ObjectProperty [value: 0xff0000ff]
08:59:08.349 [FXGL Background Thread 3 ] DEBUG Engine               - devEnableDebugCameraProperty: BooleanProperty [value: false]
08:59:08.349 [FXGL Background Thread 3 ] DEBUG Engine               - devSensorColorProperty: ObjectProperty [value: 0xffff00ff]
08:59:08.349 [FXGL Background Thread 3 ] DEBUG Engine               - devShowBBoxProperty: BooleanProperty [value: false]
08:59:08.349 [FXGL Background Thread 3 ] DEBUG Engine               - devShowPositionProperty: BooleanProperty [value: false]
08:59:08.349 [FXGL Background Thread 3 ] DEBUG Engine               - enabledMenuItems: []
08:59:08.349 [FXGL Background Thread 3 ] DEBUG Engine               - engineServices: [class com.almasb.fxgl.app.services.FXGLAssetLoaderService, class com.almasb.fxgl.app.FXGLApplication$GameApplicationService, class com.almasb.fxgl.app.services.FXGLDialogService, class com.almasb.fxgl.app.services.IOTaskExecutorService, class com.almasb.fxgl.io.FileSystemService, class com.almasb.fxgl.localization.LocalizationService, class com.almasb.fxgl.app.services.SystemBundleService, class com.almasb.fxgl.profile.SaveLoadService, class com.almasb.fxgl.ui.FXGLUIFactoryServiceProvider, class com.almasb.fxgl.ui.FXGLDialogFactoryServiceProvider, class com.almasb.fxgl.audio.AudioPlayer, class com.almasb.fxgl.notification.impl.NotificationServiceProvider, class com.almasb.fxgl.achievement.AchievementService, class com.almasb.fxgl.cutscene.CutsceneService, class com.almasb.fxgl.minigames.MiniGameService, class com.almasb.fxgl.net.NetService, class com.almasb.fxgl.app.services.UpdaterService, class com.almasb.fxgl.dev.DevService]
08:59:08.350 [FXGL Background Thread 3 ] DEBUG Engine               - fontGame: Abel-Regular.ttf
08:59:08.350 [FXGL Background Thread 3 ] DEBUG Engine               - fontMono: lucida_console.ttf
08:59:08.350 [FXGL Background Thread 3 ] DEBUG Engine               - fontText: Courier-Prime.ttf
08:59:08.350 [FXGL Background Thread 3 ] DEBUG Engine               - fontUI: game_font.ttf
08:59:08.350 [FXGL Background Thread 3 ] DEBUG Engine               - fullScreen: BooleanProperty [value: true]
08:59:08.350 [FXGL Background Thread 3 ] DEBUG Engine               - gameDifficulty: MEDIUM
08:59:08.350 [FXGL Background Thread 3 ] DEBUG Engine               - gameDifficultyProperty: ObjectProperty [value: MEDIUM]
08:59:08.350 [FXGL Background Thread 3 ] DEBUG Engine               - globalMusicVolume: 0.5
08:59:08.350 [FXGL Background Thread 3 ] DEBUG Engine               - globalMusicVolumeProperty: DoubleProperty [value: 0.5]
08:59:08.350 [FXGL Background Thread 3 ] DEBUG Engine               - globalSoundVolume: 0.5
08:59:08.350 [FXGL Background Thread 3 ] DEBUG Engine               - globalSoundVolumeProperty: DoubleProperty [value: 0.5]
08:59:08.350 [FXGL Background Thread 3 ] DEBUG Engine               - height: 720
08:59:08.350 [FXGL Background Thread 3 ] DEBUG Engine               - is3D: false
08:59:08.350 [FXGL Background Thread 3 ] DEBUG Engine               - isAndroid: false
08:59:08.351 [FXGL Background Thread 3 ] DEBUG Engine               - isBrowser: false
08:59:08.351 [FXGL Background Thread 3 ] DEBUG Engine               - isClickFeedbackEnabled: false
08:59:08.351 [FXGL Background Thread 3 ] DEBUG Engine               - isCloseConfirmation: false
08:59:08.351 [FXGL Background Thread 3 ] DEBUG Engine               - isDesktop: true
08:59:08.351 [FXGL Background Thread 3 ] DEBUG Engine               - isDeveloperMenuEnabled: false
08:59:08.351 [FXGL Background Thread 3 ] DEBUG Engine               - isEntityPreloadEnabled: true
08:59:08.351 [FXGL Background Thread 3 ] DEBUG Engine               - isExperimentalTiledLargeMap: false
08:59:08.351 [FXGL Background Thread 3 ] DEBUG Engine               - isFileSystemWriteAllowed: true
08:59:08.351 [FXGL Background Thread 3 ] DEBUG Engine               - isFullScreenAllowed: true
08:59:08.351 [FXGL Background Thread 3 ] DEBUG Engine               - isFullScreenFromStart: true
08:59:08.351 [FXGL Background Thread 3 ] DEBUG Engine               - isGameMenuEnabled: true
08:59:08.351 [FXGL Background Thread 3 ] DEBUG Engine               - isIOS: false
08:59:08.351 [FXGL Background Thread 3 ] DEBUG Engine               - isIntroEnabled: false
08:59:08.351 [FXGL Background Thread 3 ] DEBUG Engine               - isLinux: false
08:59:08.351 [FXGL Background Thread 3 ] DEBUG Engine               - isMac: false
08:59:08.351 [FXGL Background Thread 3 ] DEBUG Engine               - isMainMenuEnabled: true
08:59:08.351 [FXGL Background Thread 3 ] DEBUG Engine               - isManualResizeEnabled: false
08:59:08.351 [FXGL Background Thread 3 ] DEBUG Engine               - isMobile: false
08:59:08.352 [FXGL Background Thread 3 ] DEBUG Engine               - isNative: false
08:59:08.352 [FXGL Background Thread 3 ] DEBUG Engine               - isPauseMusicWhenMinimized: true
08:59:08.352 [FXGL Background Thread 3 ] DEBUG Engine               - isPreserveResizeRatio: false
08:59:08.352 [FXGL Background Thread 3 ] DEBUG Engine               - isProfilingEnabled: false
08:59:08.352 [FXGL Background Thread 3 ] DEBUG Engine               - isScaleAffectedOnResize: true
08:59:08.352 [FXGL Background Thread 3 ] DEBUG Engine               - isSingleStep: false
08:59:08.352 [FXGL Background Thread 3 ] DEBUG Engine               - isUserProfileEnabled: false
08:59:08.352 [FXGL Background Thread 3 ] DEBUG Engine               - isWindows: true
08:59:08.352 [FXGL Background Thread 3 ] DEBUG Engine               - language: ObjectProperty [value: ENGLISH]
08:59:08.352 [FXGL Background Thread 3 ] DEBUG Engine               - menuKey: ESCAPE
08:59:08.352 [FXGL Background Thread 3 ] DEBUG Engine               - mouseSensitivity: 0.2
08:59:08.352 [FXGL Background Thread 3 ] DEBUG Engine               - notificationViewClass: class com.almasb.fxgl.notification.view.XboxNotificationView
08:59:08.352 [FXGL Background Thread 3 ] DEBUG Engine               - pixelsPerMeter: 50.0
08:59:08.352 [FXGL Background Thread 3 ] DEBUG Engine               - platform: WINDOWS
08:59:08.352 [FXGL Background Thread 3 ] DEBUG Engine               - prefHeightProperty: ReadOnlyDoubleProperty [value: 720.0]
08:59:08.352 [FXGL Background Thread 3 ] DEBUG Engine               - prefWidthProperty: ReadOnlyDoubleProperty [value: 1280.0]
08:59:08.352 [FXGL Background Thread 3 ] DEBUG Engine               - profileDir: profiles/
08:59:08.353 [FXGL Background Thread 3 ] DEBUG Engine               - profileName: StringProperty [value: DEFAULT]
08:59:08.353 [FXGL Background Thread 3 ] DEBUG Engine               - randomSeed: -1
08:59:08.353 [FXGL Background Thread 3 ] DEBUG Engine               - runtimeInfo: RuntimeInfo(platform=WINDOWS, version=11.17, build=16.07.2021 15.46)
08:59:08.353 [FXGL Background Thread 3 ] DEBUG Engine               - saveFileExt: sav
08:59:08.353 [FXGL Background Thread 3 ] DEBUG Engine               - scaledHeightProp$fxgl: DoubleProperty [bound, value: 864.0]
08:59:08.353 [FXGL Background Thread 3 ] DEBUG Engine               - scaledWidthProp$fxgl: DoubleProperty [bound, value: 1536.0]
08:59:08.353 [FXGL Background Thread 3 ] DEBUG Engine               - sceneFactory: Bomberman.GameApp$1@2d2ed2cb
08:59:08.353 [FXGL Background Thread 3 ] DEBUG Engine               - secondsIn24h: 60
08:59:08.353 [FXGL Background Thread 3 ] DEBUG Engine               - soundMenuBack: menu/back.wav
08:59:08.353 [FXGL Background Thread 3 ] DEBUG Engine               - soundMenuPress: menu/press.wav
08:59:08.353 [FXGL Background Thread 3 ] DEBUG Engine               - soundMenuSelect: menu/select.wav
08:59:08.353 [FXGL Background Thread 3 ] DEBUG Engine               - soundNotification: core/notification.wav
08:59:08.353 [FXGL Background Thread 3 ] DEBUG Engine               - stageStyle: DECORATED
08:59:08.353 [FXGL Background Thread 3 ] DEBUG Engine               - supportedLanguages: [ENGLISH, FRENCH, GERMAN, HUNGARIAN, RUSSIAN]
08:59:08.353 [FXGL Background Thread 3 ] DEBUG Engine               - ticksPerSecond: -1
08:59:08.354 [FXGL Background Thread 3 ] DEBUG Engine               - title: BOMBER
 MAN
08:59:08.354 [FXGL Background Thread 3 ] DEBUG Engine               - urlGithub: https://github.com/AlmasB/FXGL
08:59:08.354 [FXGL Background Thread 3 ] DEBUG Engine               - urlLeaderboard: http://fxgl-top.herokuapp.com/
08:59:08.354 [FXGL Background Thread 3 ] DEBUG Engine               - urlPOM: https://raw.githubusercontent.com/AlmasB/FXGL/release/README.md
08:59:08.354 [FXGL Background Thread 3 ] DEBUG Engine               - userAppClass: class Bomberman.GameApp
08:59:08.354 [FXGL Background Thread 3 ] DEBUG Engine               - version: Pro
08:59:08.354 [FXGL Background Thread 3 ] DEBUG Engine               - versionCheckDays: 7
08:59:08.354 [FXGL Background Thread 3 ] DEBUG Engine               - width: 1280
08:59:08.354 [FXGL Background Thread 3 ] DEBUG Engine               - Logging services
08:59:08.354 [FXGL Background Thread 3 ] DEBUG Engine               - class com.almasb.fxgl.app.services.FXGLAssetLoaderService
08:59:08.354 [FXGL Background Thread 3 ] DEBUG Engine               - class com.almasb.fxgl.app.FXGLApplication$GameApplicationService
08:59:08.354 [FXGL Background Thread 3 ] DEBUG Engine               - class com.almasb.fxgl.app.services.FXGLDialogService
08:59:08.354 [FXGL Background Thread 3 ] DEBUG Engine               - class com.almasb.fxgl.app.services.IOTaskExecutorService
08:59:08.355 [FXGL Background Thread 3 ] DEBUG Engine               - class com.almasb.fxgl.io.FileSystemService
08:59:08.355 [FXGL Background Thread 3 ] DEBUG Engine               - class com.almasb.fxgl.localization.LocalizationService
08:59:08.355 [FXGL Background Thread 3 ] DEBUG Engine               - class com.almasb.fxgl.app.services.SystemBundleService
08:59:08.355 [FXGL Background Thread 3 ] DEBUG Engine               - class com.almasb.fxgl.profile.SaveLoadService
08:59:08.355 [FXGL Background Thread 3 ] DEBUG Engine               - class com.almasb.fxgl.ui.FXGLUIFactoryServiceProvider
08:59:08.355 [FXGL Background Thread 3 ] DEBUG Engine               - class com.almasb.fxgl.ui.FXGLDialogFactoryServiceProvider
08:59:08.355 [FXGL Background Thread 3 ] DEBUG Engine               - class com.almasb.fxgl.audio.AudioPlayer
08:59:08.355 [FXGL Background Thread 3 ] DEBUG Engine               - class com.almasb.fxgl.notification.impl.NotificationServiceProvider
08:59:08.355 [FXGL Background Thread 3 ] DEBUG Engine               - class com.almasb.fxgl.achievement.AchievementService
08:59:08.355 [FXGL Background Thread 3 ] DEBUG Engine               - class com.almasb.fxgl.cutscene.CutsceneService
08:59:08.355 [FXGL Background Thread 3 ] DEBUG Engine               - class com.almasb.fxgl.minigames.MiniGameService
08:59:08.356 [FXGL Background Thread 3 ] DEBUG Engine               - class com.almasb.fxgl.net.NetService
08:59:08.356 [FXGL Background Thread 3 ] DEBUG Engine               - class com.almasb.fxgl.app.services.UpdaterService
08:59:08.356 [FXGL Background Thread 3 ] DEBUG Engine               - class com.almasb.fxgl.dev.DevService
09:00:11.893 [JavaFX Application Thread] DEBUG Menu                 - fireExit()
09:00:11.905 [JavaFX Application Thread] DEBUG PrimaryStageWindow   - Push state: DialogSubScene
09:00:11.905 [JavaFX Application Thread] DEBUG Input                - Clearing active input actions
09:00:11.909 [JavaFX Application Thread] DEBUG GameApplicationServi - Removing overlay from MainMenu and adding to DialogSubScene
09:00:11.909 [JavaFX Application Thread] DEBUG PrimaryStageWindow   - MainMenu -> DialogSubScene
09:00:13.037 [JavaFX Application Thread] DEBUG PrimaryStageWindow   - Pop state: DialogSubScene
09:00:13.037 [JavaFX Application Thread] DEBUG Input                - Clearing active input actions
09:00:13.037 [JavaFX Application Thread] DEBUG GameApplicationServi - Removing overlay from DialogSubScene and adding to MainMenu
09:00:13.038 [JavaFX Application Thread] DEBUG PrimaryStageWindow   - MainMenu <- DialogSubScene
09:00:13.038 [JavaFX Application Thread] DEBUG FXGLApplication      - Exiting FXGL
09:00:13.038 [JavaFX Application Thread] DEBUG LoopRunner           - Stopping loop
09:00:13.038 [JavaFX Application Thread] DEBUG SystemBundleService  - Saving FXGL system data
09:00:13.041 [JavaFX Application Thread] DEBUG FileSystemAccess     - Writing to: C:\Users\Cao Xuan Dung\OneDrive - vnu.edu.vn\Documents\GitHub\BombermanTest\system\fxgl.bundle
09:00:13.044 [JavaFX Application Thread] DEBUG Async                - Shutting down background threads
09:00:13.044 [JavaFX Application Thread] DEBUG PrimaryStageWindow   - Closing main window
09:00:13.065 [JavaFX Application Thread] DEBUG Logger               - Closing Logger
